running develop
running egg_info
creating dynamic_rate_publisher.egg-info
writing dynamic_rate_publisher.egg-info/PKG-INFO
writing dependency_links to dynamic_rate_publisher.egg-info/dependency_links.txt
writing entry points to dynamic_rate_publisher.egg-info/entry_points.txt
writing requirements to dynamic_rate_publisher.egg-info/requires.txt
writing top-level names to dynamic_rate_publisher.egg-info/top_level.txt
writing manifest file 'dynamic_rate_publisher.egg-info/SOURCES.txt'
reading manifest file 'dynamic_rate_publisher.egg-info/SOURCES.txt'
writing manifest file 'dynamic_rate_publisher.egg-info/SOURCES.txt'
running build_ext
Creating /home/lunog/ros2_ws/install/dynamic_rate_publisher/lib/python3.10/site-packages/dynamic-rate-publisher.egg-link (link to .)

Installed /home/lunog/ros2_ws/build/dynamic_rate_publisher
running symlink_data
creating /home/lunog/ros2_ws/install/dynamic_rate_publisher/share/ament_index
creating /home/lunog/ros2_ws/install/dynamic_rate_publisher/share/ament_index/resource_index
creating /home/lunog/ros2_ws/install/dynamic_rate_publisher/share/ament_index/resource_index/packages
symbolically linking /home/lunog/ros2_ws/build/dynamic_rate_publisher/resource/dynamic_rate_publisher -> /home/lunog/ros2_ws/install/dynamic_rate_publisher/share/ament_index/resource_index/packages
symbolically linking /home/lunog/ros2_ws/build/dynamic_rate_publisher/package.xml -> /home/lunog/ros2_ws/install/dynamic_rate_publisher/share/dynamic_rate_publisher
