[0.638s] Invoking command in '/home/lunog/ros2_ws/build/dynamic_rate_publisher': PYTHONPATH=/home/lunog/ros2_ws/build/dynamic_rate_publisher/prefix_override:/usr/lib/python3/dist-packages/colcon_core/task/python/colcon_distutils_commands:/home/lunog/ros2_ws/install/dynamic_rate_publisher/lib/python3.10/site-packages:${PYTHONPATH} /usr/bin/python3 -W ignore:setup.py install is deprecated -W ignore:easy_install command is deprecated setup.py develop --editable --build-directory /home/lunog/ros2_ws/build/dynamic_rate_publisher/build --no-deps symlink_data
[0.857s] running develop
[1.022s] running egg_info
[1.022s] creating dynamic_rate_publisher.egg-info
[1.022s] writing dynamic_rate_publisher.egg-info/PKG-INFO
[1.022s] writing dependency_links to dynamic_rate_publisher.egg-info/dependency_links.txt
[1.022s] writing entry points to dynamic_rate_publisher.egg-info/entry_points.txt
[1.023s] writing requirements to dynamic_rate_publisher.egg-info/requires.txt
[1.023s] writing top-level names to dynamic_rate_publisher.egg-info/top_level.txt
[1.036s] writing manifest file 'dynamic_rate_publisher.egg-info/SOURCES.txt'
[1.037s] reading manifest file 'dynamic_rate_publisher.egg-info/SOURCES.txt'
[1.038s] writing manifest file 'dynamic_rate_publisher.egg-info/SOURCES.txt'
[1.039s] running build_ext
[1.039s] Creating /home/lunog/ros2_ws/install/dynamic_rate_publisher/lib/python3.10/site-packages/dynamic-rate-publisher.egg-link (link to .)
[1.039s] 
[1.039s] Installed /home/lunog/ros2_ws/build/dynamic_rate_publisher
[1.040s] running symlink_data
[1.040s] creating /home/lunog/ros2_ws/install/dynamic_rate_publisher/share/ament_index
[1.040s] creating /home/lunog/ros2_ws/install/dynamic_rate_publisher/share/ament_index/resource_index
[1.040s] creating /home/lunog/ros2_ws/install/dynamic_rate_publisher/share/ament_index/resource_index/packages
[1.040s] symbolically linking /home/lunog/ros2_ws/build/dynamic_rate_publisher/resource/dynamic_rate_publisher -> /home/lunog/ros2_ws/install/dynamic_rate_publisher/share/ament_index/resource_index/packages
[1.040s] symbolically linking /home/lunog/ros2_ws/build/dynamic_rate_publisher/package.xml -> /home/lunog/ros2_ws/install/dynamic_rate_publisher/share/dynamic_rate_publisher
[1.063s] Invoked command in '/home/lunog/ros2_ws/build/dynamic_rate_publisher' returned '0': PYTHONPATH=/home/lunog/ros2_ws/build/dynamic_rate_publisher/prefix_override:/usr/lib/python3/dist-packages/colcon_core/task/python/colcon_distutils_commands:/home/lunog/ros2_ws/install/dynamic_rate_publisher/lib/python3.10/site-packages:${PYTHONPATH} /usr/bin/python3 -W ignore:setup.py install is deprecated -W ignore:easy_install command is deprecated setup.py develop --editable --build-directory /home/lunog/ros2_ws/build/dynamic_rate_publisher/build --no-deps symlink_data
