running develop
running egg_info
creating turtle_chase.egg-info
writing turtle_chase.egg-info/PKG-INFO
writing dependency_links to turtle_chase.egg-info/dependency_links.txt
writing entry points to turtle_chase.egg-info/entry_points.txt
writing requirements to turtle_chase.egg-info/requires.txt
writing top-level names to turtle_chase.egg-info/top_level.txt
writing manifest file 'turtle_chase.egg-info/SOURCES.txt'
reading manifest file 'turtle_chase.egg-info/SOURCES.txt'
writing manifest file 'turtle_chase.egg-info/SOURCES.txt'
running build_ext
Creating /home/lunog/ros2_ws/install/turtle_chase/lib/python3.10/site-packages/turtle-chase.egg-link (link to .)
Installing turle_leader_follower script to /home/lunog/ros2_ws/install/turtle_chase/lib/turtle_chase

Installed /home/lunog/ros2_ws/build/turtle_chase
running symlink_data
creating /home/lunog/ros2_ws/install/turtle_chase/share/ament_index
creating /home/lunog/ros2_ws/install/turtle_chase/share/ament_index/resource_index
creating /home/lunog/ros2_ws/install/turtle_chase/share/ament_index/resource_index/packages
symbolically linking /home/lunog/ros2_ws/build/turtle_chase/resource/turtle_chase -> /home/lunog/ros2_ws/install/turtle_chase/share/ament_index/resource_index/packages
symbolically linking /home/lunog/ros2_ws/build/turtle_chase/package.xml -> /home/lunog/ros2_ws/install/turtle_chase/share/turtle_chase
