[0.620s] Invoking command in '/home/lunog/ros2_ws/build/turtle_chase': PYTHONPATH=/home/lunog/ros2_ws/build/turtle_chase/prefix_override:/usr/lib/python3/dist-packages/colcon_core/task/python/colcon_distutils_commands:/home/lunog/ros2_ws/install/turtle_chase/lib/python3.10/site-packages:${PYTHONPATH} /usr/bin/python3 -W ignore:setup.py install is deprecated -W ignore:easy_install command is deprecated setup.py develop --editable --build-directory /home/lunog/ros2_ws/build/turtle_chase/build --no-deps symlink_data
[0.843s] running develop
[1.015s] running egg_info
[1.015s] creating turtle_chase.egg-info
[1.016s] writing turtle_chase.egg-info/PKG-INFO
[1.016s] writing dependency_links to turtle_chase.egg-info/dependency_links.txt
[1.016s] writing entry points to turtle_chase.egg-info/entry_points.txt
[1.016s] writing requirements to turtle_chase.egg-info/requires.txt
[1.016s] writing top-level names to turtle_chase.egg-info/top_level.txt
[1.030s] writing manifest file 'turtle_chase.egg-info/SOURCES.txt'
[1.031s] reading manifest file 'turtle_chase.egg-info/SOURCES.txt'
[1.032s] writing manifest file 'turtle_chase.egg-info/SOURCES.txt'
[1.033s] running build_ext
[1.033s] Creating /home/lunog/ros2_ws/install/turtle_chase/lib/python3.10/site-packages/turtle-chase.egg-link (link to .)
[1.034s] Installing turle_leader_follower script to /home/lunog/ros2_ws/install/turtle_chase/lib/turtle_chase
[1.034s] 
[1.034s] Installed /home/lunog/ros2_ws/build/turtle_chase
[1.034s] running symlink_data
[1.034s] creating /home/lunog/ros2_ws/install/turtle_chase/share/ament_index
[1.034s] creating /home/lunog/ros2_ws/install/turtle_chase/share/ament_index/resource_index
[1.034s] creating /home/lunog/ros2_ws/install/turtle_chase/share/ament_index/resource_index/packages
[1.034s] symbolically linking /home/lunog/ros2_ws/build/turtle_chase/resource/turtle_chase -> /home/lunog/ros2_ws/install/turtle_chase/share/ament_index/resource_index/packages
[1.034s] symbolically linking /home/lunog/ros2_ws/build/turtle_chase/package.xml -> /home/lunog/ros2_ws/install/turtle_chase/share/turtle_chase
[1.058s] Invoked command in '/home/lunog/ros2_ws/build/turtle_chase' returned '0': PYTHONPATH=/home/lunog/ros2_ws/build/turtle_chase/prefix_override:/usr/lib/python3/dist-packages/colcon_core/task/python/colcon_distutils_commands:/home/lunog/ros2_ws/install/turtle_chase/lib/python3.10/site-packages:${PYTHONPATH} /usr/bin/python3 -W ignore:setup.py install is deprecated -W ignore:easy_install command is deprecated setup.py develop --editable --build-directory /home/lunog/ros2_ws/build/turtle_chase/build --no-deps symlink_data
