[1.359s] Invoking command in '/home/lunog/ros2_ws/src/my_py_pkg': PYTHONPATH=/home/lunog/ros2_ws/build/my_py_pkg/prefix_override:/usr/lib/python3/dist-packages/colcon_core/task/python/colcon_distutils_commands:/home/lunog/ros2_ws/install/my_py_pkg/lib/python3.10/site-packages:${PYTHONPATH} /usr/bin/python3 -W ignore:setup.py install is deprecated -W ignore:easy_install command is deprecated setup.py egg_info --egg-base ../../build/my_py_pkg build --build-base /home/lunog/ros2_ws/build/my_py_pkg/build install --record /home/lunog/ros2_ws/build/my_py_pkg/install.log --single-version-externally-managed install_data
[1.591s] running egg_info
[1.591s] creating ../../build/my_py_pkg/my_py_pkg.egg-info
[1.591s] writing ../../build/my_py_pkg/my_py_pkg.egg-info/PKG-INFO
[1.591s] writing dependency_links to ../../build/my_py_pkg/my_py_pkg.egg-info/dependency_links.txt
[1.592s] writing entry points to ../../build/my_py_pkg/my_py_pkg.egg-info/entry_points.txt
[1.592s] writing requirements to ../../build/my_py_pkg/my_py_pkg.egg-info/requires.txt
[1.592s] writing top-level names to ../../build/my_py_pkg/my_py_pkg.egg-info/top_level.txt
[1.593s] writing manifest file '../../build/my_py_pkg/my_py_pkg.egg-info/SOURCES.txt'
[1.594s] reading manifest file '../../build/my_py_pkg/my_py_pkg.egg-info/SOURCES.txt'
[1.595s] writing manifest file '../../build/my_py_pkg/my_py_pkg.egg-info/SOURCES.txt'
[1.595s] running build
[1.595s] running build_py
[1.595s] creating /home/lunog/ros2_ws/build/my_py_pkg/build
[1.595s] creating /home/lunog/ros2_ws/build/my_py_pkg/build/lib
[1.595s] creating /home/lunog/ros2_ws/build/my_py_pkg/build/lib/my_py_pkg
[1.595s] copying my_py_pkg/__init__.py -> /home/lunog/ros2_ws/build/my_py_pkg/build/lib/my_py_pkg
[1.595s] copying my_py_pkg/subscriber.py -> /home/lunog/ros2_ws/build/my_py_pkg/build/lib/my_py_pkg
[1.595s] copying my_py_pkg/publisher.py -> /home/lunog/ros2_ws/build/my_py_pkg/build/lib/my_py_pkg
[1.596s] running install
[1.596s] running install_lib
[1.596s] creating /home/lunog/ros2_ws/install/my_py_pkg/lib/python3.10/site-packages/my_py_pkg
[1.597s] copying /home/lunog/ros2_ws/build/my_py_pkg/build/lib/my_py_pkg/__init__.py -> /home/lunog/ros2_ws/install/my_py_pkg/lib/python3.10/site-packages/my_py_pkg
[1.597s] copying /home/lunog/ros2_ws/build/my_py_pkg/build/lib/my_py_pkg/subscriber.py -> /home/lunog/ros2_ws/install/my_py_pkg/lib/python3.10/site-packages/my_py_pkg
[1.597s] copying /home/lunog/ros2_ws/build/my_py_pkg/build/lib/my_py_pkg/publisher.py -> /home/lunog/ros2_ws/install/my_py_pkg/lib/python3.10/site-packages/my_py_pkg
[1.598s] byte-compiling /home/lunog/ros2_ws/install/my_py_pkg/lib/python3.10/site-packages/my_py_pkg/__init__.py to __init__.cpython-310.pyc
[1.598s] byte-compiling /home/lunog/ros2_ws/install/my_py_pkg/lib/python3.10/site-packages/my_py_pkg/subscriber.py to subscriber.cpython-310.pyc
[1.599s] byte-compiling /home/lunog/ros2_ws/install/my_py_pkg/lib/python3.10/site-packages/my_py_pkg/publisher.py to publisher.cpython-310.pyc
[1.599s] running install_data
[1.599s] creating /home/lunog/ros2_ws/install/my_py_pkg/share/ament_index
[1.599s] creating /home/lunog/ros2_ws/install/my_py_pkg/share/ament_index/resource_index
[1.599s] creating /home/lunog/ros2_ws/install/my_py_pkg/share/ament_index/resource_index/packages
[1.599s] copying resource/my_py_pkg -> /home/lunog/ros2_ws/install/my_py_pkg/share/ament_index/resource_index/packages
[1.599s] copying package.xml -> /home/lunog/ros2_ws/install/my_py_pkg/share/my_py_pkg
[1.599s] running install_egg_info
[1.600s] Copying ../../build/my_py_pkg/my_py_pkg.egg-info to /home/lunog/ros2_ws/install/my_py_pkg/lib/python3.10/site-packages/my_py_pkg-0.0.0-py3.10.egg-info
[1.601s] running install_scripts
[1.619s] Installing publisher script to /home/lunog/ros2_ws/install/my_py_pkg/lib/my_py_pkg
[1.620s] Installing subscriber script to /home/lunog/ros2_ws/install/my_py_pkg/lib/my_py_pkg
[1.620s] writing list of installed files to '/home/lunog/ros2_ws/build/my_py_pkg/install.log'
[1.668s] Invoked command in '/home/lunog/ros2_ws/src/my_py_pkg' returned '0': PYTHONPATH=/home/lunog/ros2_ws/build/my_py_pkg/prefix_override:/usr/lib/python3/dist-packages/colcon_core/task/python/colcon_distutils_commands:/home/lunog/ros2_ws/install/my_py_pkg/lib/python3.10/site-packages:${PYTHONPATH} /usr/bin/python3 -W ignore:setup.py install is deprecated -W ignore:easy_install command is deprecated setup.py egg_info --egg-base ../../build/my_py_pkg build --build-base /home/lunog/ros2_ws/build/my_py_pkg/build install --record /home/lunog/ros2_ws/build/my_py_pkg/install.log --single-version-externally-managed install_data
