[0.088s] DEBUG:colcon:Command line arguments: ['/usr/bin/colcon', 'build']
[0.088s] DEBUG:colcon:Parsed command line arguments: Namespace(log_base=None, log_level=None, verb_name='build', build_base='build', install_base='install', merge_install=False, symlink_install=False, test_result_base=None, continue_on_error=False, executor='parallel', parallel_workers=16, event_handlers=None, ignore_user_meta=False, metas=['./colcon.meta'], base_paths=['.'], packages_ignore=None, packages_ignore_regex=None, paths=None, packages_up_to=None, packages_up_to_regex=None, packages_above=None, packages_above_and_dependencies=None, packages_above_depth=None, packages_select_by_dep=None, packages_skip_by_dep=None, packages_skip_up_to=None, packages_select_build_failed=False, packages_skip_build_finished=False, packages_select_test_failures=False, packages_skip_test_passed=False, packages_select=None, packages_skip=None, packages_select_regex=None, packages_skip_regex=None, packages_start=None, packages_end=None, allow_overriding=[], cmake_args=None, cmake_target=None, cmake_target_skip_unavailable=False, cmake_clean_cache=False, cmake_clean_first=False, cmake_force_configure=False, ament_cmake_args=None, catkin_cmake_args=None, catkin_skip_building_tests=False, verb_parser=<colcon_defaults.argument_parser.defaults.DefaultArgumentsDecorator object at 0x73baeef33310>, verb_extension=<colcon_core.verb.build.BuildVerb object at 0x73baef0b4df0>, main=<bound method BuildVerb.main of <colcon_core.verb.build.BuildVerb object at 0x73baef0b4df0>>)
[0.240s] Level 1:colcon.colcon_core.package_discovery:discover_packages(colcon_meta) check parameters
[0.240s] Level 1:colcon.colcon_core.package_discovery:discover_packages(recursive) check parameters
[0.240s] Level 1:colcon.colcon_core.package_discovery:discover_packages(ignore) check parameters
[0.240s] Level 1:colcon.colcon_core.package_discovery:discover_packages(path) check parameters
[0.240s] Level 1:colcon.colcon_core.package_discovery:discover_packages(colcon_meta) discover
[0.240s] Level 1:colcon.colcon_core.package_discovery:discover_packages(recursive) discover
[0.240s] INFO:colcon.colcon_core.package_discovery:Crawling recursively for packages in '/home/lunog/ros2_ws'
[0.240s] Level 1:colcon.colcon_core.package_identification:_identify(.) by extensions ['ignore', 'ignore_ament_install']
[0.240s] Level 1:colcon.colcon_core.package_identification:_identify(.) by extension 'ignore'
[0.240s] Level 1:colcon.colcon_core.package_identification:_identify(.) by extension 'ignore_ament_install'
[0.240s] Level 1:colcon.colcon_core.package_identification:_identify(.) by extensions ['colcon_pkg']
[0.240s] Level 1:colcon.colcon_core.package_identification:_identify(.) by extension 'colcon_pkg'
[0.240s] Level 1:colcon.colcon_core.package_identification:_identify(.) by extensions ['colcon_meta']
[0.240s] Level 1:colcon.colcon_core.package_identification:_identify(.) by extension 'colcon_meta'
[0.240s] Level 1:colcon.colcon_core.package_identification:_identify(.) by extensions ['ros']
[0.240s] Level 1:colcon.colcon_core.package_identification:_identify(.) by extension 'ros'
[0.249s] Level 1:colcon.colcon_core.package_identification:_identify(.) by extensions ['cmake', 'python']
[0.249s] Level 1:colcon.colcon_core.package_identification:_identify(.) by extension 'cmake'
[0.249s] Level 1:colcon.colcon_core.package_identification:_identify(.) by extension 'python'
[0.249s] Level 1:colcon.colcon_core.package_identification:_identify(.) by extensions ['python_setup_py']
[0.249s] Level 1:colcon.colcon_core.package_identification:_identify(.) by extension 'python_setup_py'
[0.249s] Level 1:colcon.colcon_core.package_identification:_identify(build) by extensions ['ignore', 'ignore_ament_install']
[0.249s] Level 1:colcon.colcon_core.package_identification:_identify(build) by extension 'ignore'
[0.249s] Level 1:colcon.colcon_core.package_identification:_identify(build) ignored
[0.249s] Level 1:colcon.colcon_core.package_identification:_identify(install) by extensions ['ignore', 'ignore_ament_install']
[0.249s] Level 1:colcon.colcon_core.package_identification:_identify(install) by extension 'ignore'
[0.250s] Level 1:colcon.colcon_core.package_identification:_identify(install) ignored
[0.250s] Level 1:colcon.colcon_core.package_identification:_identify(log) by extensions ['ignore', 'ignore_ament_install']
[0.250s] Level 1:colcon.colcon_core.package_identification:_identify(log) by extension 'ignore'
[0.250s] Level 1:colcon.colcon_core.package_identification:_identify(log) ignored
[0.250s] Level 1:colcon.colcon_core.package_identification:_identify(src) by extensions ['ignore', 'ignore_ament_install']
[0.250s] Level 1:colcon.colcon_core.package_identification:_identify(src) by extension 'ignore'
[0.250s] Level 1:colcon.colcon_core.package_identification:_identify(src) by extension 'ignore_ament_install'
[0.250s] Level 1:colcon.colcon_core.package_identification:_identify(src) by extensions ['colcon_pkg']
[0.250s] Level 1:colcon.colcon_core.package_identification:_identify(src) by extension 'colcon_pkg'
[0.250s] Level 1:colcon.colcon_core.package_identification:_identify(src) by extensions ['colcon_meta']
[0.250s] Level 1:colcon.colcon_core.package_identification:_identify(src) by extension 'colcon_meta'
[0.250s] Level 1:colcon.colcon_core.package_identification:_identify(src) by extensions ['ros']
[0.250s] Level 1:colcon.colcon_core.package_identification:_identify(src) by extension 'ros'
[0.250s] Level 1:colcon.colcon_core.package_identification:_identify(src) by extensions ['cmake', 'python']
[0.250s] Level 1:colcon.colcon_core.package_identification:_identify(src) by extension 'cmake'
[0.250s] Level 1:colcon.colcon_core.package_identification:_identify(src) by extension 'python'
[0.250s] Level 1:colcon.colcon_core.package_identification:_identify(src) by extensions ['python_setup_py']
[0.250s] Level 1:colcon.colcon_core.package_identification:_identify(src) by extension 'python_setup_py'
[0.250s] Level 1:colcon.colcon_core.package_identification:_identify(src/multi_subscriber_demo) by extensions ['ignore', 'ignore_ament_install']
[0.250s] Level 1:colcon.colcon_core.package_identification:_identify(src/multi_subscriber_demo) by extension 'ignore'
[0.250s] Level 1:colcon.colcon_core.package_identification:_identify(src/multi_subscriber_demo) by extension 'ignore_ament_install'
[0.250s] Level 1:colcon.colcon_core.package_identification:_identify(src/multi_subscriber_demo) by extensions ['colcon_pkg']
[0.250s] Level 1:colcon.colcon_core.package_identification:_identify(src/multi_subscriber_demo) by extension 'colcon_pkg'
[0.250s] Level 1:colcon.colcon_core.package_identification:_identify(src/multi_subscriber_demo) by extensions ['colcon_meta']
[0.250s] Level 1:colcon.colcon_core.package_identification:_identify(src/multi_subscriber_demo) by extension 'colcon_meta'
[0.251s] Level 1:colcon.colcon_core.package_identification:_identify(src/multi_subscriber_demo) by extensions ['ros']
[0.251s] Level 1:colcon.colcon_core.package_identification:_identify(src/multi_subscriber_demo) by extension 'ros'
[0.259s] DEBUG:colcon.colcon_core.package_identification:Package 'src/multi_subscriber_demo' with type 'ros.ament_python' and name 'multi_subscriber_demo'
[0.259s] Level 1:colcon.colcon_core.package_identification:_identify(src/my_py_pkg) by extensions ['ignore', 'ignore_ament_install']
[0.259s] Level 1:colcon.colcon_core.package_identification:_identify(src/my_py_pkg) by extension 'ignore'
[0.259s] Level 1:colcon.colcon_core.package_identification:_identify(src/my_py_pkg) by extension 'ignore_ament_install'
[0.259s] Level 1:colcon.colcon_core.package_identification:_identify(src/my_py_pkg) by extensions ['colcon_pkg']
[0.259s] Level 1:colcon.colcon_core.package_identification:_identify(src/my_py_pkg) by extension 'colcon_pkg'
[0.259s] Level 1:colcon.colcon_core.package_identification:_identify(src/my_py_pkg) by extensions ['colcon_meta']
[0.259s] Level 1:colcon.colcon_core.package_identification:_identify(src/my_py_pkg) by extension 'colcon_meta'
[0.259s] Level 1:colcon.colcon_core.package_identification:_identify(src/my_py_pkg) by extensions ['ros']
[0.259s] Level 1:colcon.colcon_core.package_identification:_identify(src/my_py_pkg) by extension 'ros'
[0.260s] DEBUG:colcon.colcon_core.package_identification:Package 'src/my_py_pkg' with type 'ros.ament_python' and name 'my_py_pkg'
[0.260s] Level 1:colcon.colcon_core.package_identification:_identify(src/my_ros2_practice) by extensions ['ignore', 'ignore_ament_install']
[0.260s] Level 1:colcon.colcon_core.package_identification:_identify(src/my_ros2_practice) by extension 'ignore'
[0.260s] Level 1:colcon.colcon_core.package_identification:_identify(src/my_ros2_practice) by extension 'ignore_ament_install'
[0.260s] Level 1:colcon.colcon_core.package_identification:_identify(src/my_ros2_practice) by extensions ['colcon_pkg']
[0.260s] Level 1:colcon.colcon_core.package_identification:_identify(src/my_ros2_practice) by extension 'colcon_pkg'
[0.260s] Level 1:colcon.colcon_core.package_identification:_identify(src/my_ros2_practice) by extensions ['colcon_meta']
[0.260s] Level 1:colcon.colcon_core.package_identification:_identify(src/my_ros2_practice) by extension 'colcon_meta'
[0.260s] Level 1:colcon.colcon_core.package_identification:_identify(src/my_ros2_practice) by extensions ['ros']
[0.260s] Level 1:colcon.colcon_core.package_identification:_identify(src/my_ros2_practice) by extension 'ros'
[0.261s] DEBUG:colcon.colcon_core.package_identification:Package 'src/my_ros2_practice' with type 'ros.ament_python' and name 'my_ros2_practice'
[0.261s] Level 1:colcon.colcon_core.package_identification:_identify(src/service) by extensions ['ignore', 'ignore_ament_install']
[0.261s] Level 1:colcon.colcon_core.package_identification:_identify(src/service) by extension 'ignore'
[0.261s] Level 1:colcon.colcon_core.package_identification:_identify(src/service) by extension 'ignore_ament_install'
[0.261s] Level 1:colcon.colcon_core.package_identification:_identify(src/service) by extensions ['colcon_pkg']
[0.261s] Level 1:colcon.colcon_core.package_identification:_identify(src/service) by extension 'colcon_pkg'
[0.261s] Level 1:colcon.colcon_core.package_identification:_identify(src/service) by extensions ['colcon_meta']
[0.261s] Level 1:colcon.colcon_core.package_identification:_identify(src/service) by extension 'colcon_meta'
[0.261s] Level 1:colcon.colcon_core.package_identification:_identify(src/service) by extensions ['ros']
[0.261s] Level 1:colcon.colcon_core.package_identification:_identify(src/service) by extension 'ros'
[0.262s] DEBUG:colcon.colcon_core.package_identification:Package 'src/service' with type 'ros.ament_python' and name 'service'
[0.262s] Level 1:colcon.colcon_core.package_discovery:discover_packages(recursive) using defaults
[0.262s] Level 1:colcon.colcon_core.package_discovery:discover_packages(ignore) discover
[0.262s] Level 1:colcon.colcon_core.package_discovery:discover_packages(ignore) using defaults
[0.262s] Level 1:colcon.colcon_core.package_discovery:discover_packages(path) discover
[0.262s] Level 1:colcon.colcon_core.package_discovery:discover_packages(path) using defaults
[0.281s] Level 1:colcon.colcon_core.package_discovery:discover_packages(prefix_path) check parameters
[0.281s] Level 1:colcon.colcon_core.package_discovery:discover_packages(prefix_path) discover
[0.283s] DEBUG:colcon.colcon_installed_package_information.package_discovery:Found 272 installed packages in /opt/ros/humble
[0.284s] Level 1:colcon.colcon_core.package_discovery:discover_packages(prefix_path) using defaults
[0.313s] Level 5:colcon.colcon_core.verb:set package 'multi_subscriber_demo' build argument 'cmake_args' from command line to 'None'
[0.313s] Level 5:colcon.colcon_core.verb:set package 'multi_subscriber_demo' build argument 'cmake_target' from command line to 'None'
[0.313s] Level 5:colcon.colcon_core.verb:set package 'multi_subscriber_demo' build argument 'cmake_target_skip_unavailable' from command line to 'False'
[0.313s] Level 5:colcon.colcon_core.verb:set package 'multi_subscriber_demo' build argument 'cmake_clean_cache' from command line to 'False'
[0.313s] Level 5:colcon.colcon_core.verb:set package 'multi_subscriber_demo' build argument 'cmake_clean_first' from command line to 'False'
[0.313s] Level 5:colcon.colcon_core.verb:set package 'multi_subscriber_demo' build argument 'cmake_force_configure' from command line to 'False'
[0.313s] Level 5:colcon.colcon_core.verb:set package 'multi_subscriber_demo' build argument 'ament_cmake_args' from command line to 'None'
[0.313s] Level 5:colcon.colcon_core.verb:set package 'multi_subscriber_demo' build argument 'catkin_cmake_args' from command line to 'None'
[0.313s] Level 5:colcon.colcon_core.verb:set package 'multi_subscriber_demo' build argument 'catkin_skip_building_tests' from command line to 'False'
[0.313s] DEBUG:colcon.colcon_core.verb:Building package 'multi_subscriber_demo' with the following arguments: {'ament_cmake_args': None, 'build_base': '/home/lunog/ros2_ws/build/multi_subscriber_demo', 'catkin_cmake_args': None, 'catkin_skip_building_tests': False, 'cmake_args': None, 'cmake_clean_cache': False, 'cmake_clean_first': False, 'cmake_force_configure': False, 'cmake_target': None, 'cmake_target_skip_unavailable': False, 'install_base': '/home/lunog/ros2_ws/install/multi_subscriber_demo', 'merge_install': False, 'path': '/home/lunog/ros2_ws/src/multi_subscriber_demo', 'symlink_install': False, 'test_result_base': None}
[0.313s] Level 5:colcon.colcon_core.verb:set package 'my_py_pkg' build argument 'cmake_args' from command line to 'None'
[0.313s] Level 5:colcon.colcon_core.verb:set package 'my_py_pkg' build argument 'cmake_target' from command line to 'None'
[0.313s] Level 5:colcon.colcon_core.verb:set package 'my_py_pkg' build argument 'cmake_target_skip_unavailable' from command line to 'False'
[0.313s] Level 5:colcon.colcon_core.verb:set package 'my_py_pkg' build argument 'cmake_clean_cache' from command line to 'False'
[0.313s] Level 5:colcon.colcon_core.verb:set package 'my_py_pkg' build argument 'cmake_clean_first' from command line to 'False'
[0.313s] Level 5:colcon.colcon_core.verb:set package 'my_py_pkg' build argument 'cmake_force_configure' from command line to 'False'
[0.313s] Level 5:colcon.colcon_core.verb:set package 'my_py_pkg' build argument 'ament_cmake_args' from command line to 'None'
[0.313s] Level 5:colcon.colcon_core.verb:set package 'my_py_pkg' build argument 'catkin_cmake_args' from command line to 'None'
[0.313s] Level 5:colcon.colcon_core.verb:set package 'my_py_pkg' build argument 'catkin_skip_building_tests' from command line to 'False'
[0.313s] DEBUG:colcon.colcon_core.verb:Building package 'my_py_pkg' with the following arguments: {'ament_cmake_args': None, 'build_base': '/home/lunog/ros2_ws/build/my_py_pkg', 'catkin_cmake_args': None, 'catkin_skip_building_tests': False, 'cmake_args': None, 'cmake_clean_cache': False, 'cmake_clean_first': False, 'cmake_force_configure': False, 'cmake_target': None, 'cmake_target_skip_unavailable': False, 'install_base': '/home/lunog/ros2_ws/install/my_py_pkg', 'merge_install': False, 'path': '/home/lunog/ros2_ws/src/my_py_pkg', 'symlink_install': False, 'test_result_base': None}
[0.314s] Level 5:colcon.colcon_core.verb:set package 'my_ros2_practice' build argument 'cmake_args' from command line to 'None'
[0.314s] Level 5:colcon.colcon_core.verb:set package 'my_ros2_practice' build argument 'cmake_target' from command line to 'None'
[0.314s] Level 5:colcon.colcon_core.verb:set package 'my_ros2_practice' build argument 'cmake_target_skip_unavailable' from command line to 'False'
[0.314s] Level 5:colcon.colcon_core.verb:set package 'my_ros2_practice' build argument 'cmake_clean_cache' from command line to 'False'
[0.314s] Level 5:colcon.colcon_core.verb:set package 'my_ros2_practice' build argument 'cmake_clean_first' from command line to 'False'
[0.314s] Level 5:colcon.colcon_core.verb:set package 'my_ros2_practice' build argument 'cmake_force_configure' from command line to 'False'
[0.314s] Level 5:colcon.colcon_core.verb:set package 'my_ros2_practice' build argument 'ament_cmake_args' from command line to 'None'
[0.314s] Level 5:colcon.colcon_core.verb:set package 'my_ros2_practice' build argument 'catkin_cmake_args' from command line to 'None'
[0.314s] Level 5:colcon.colcon_core.verb:set package 'my_ros2_practice' build argument 'catkin_skip_building_tests' from command line to 'False'
[0.314s] DEBUG:colcon.colcon_core.verb:Building package 'my_ros2_practice' with the following arguments: {'ament_cmake_args': None, 'build_base': '/home/lunog/ros2_ws/build/my_ros2_practice', 'catkin_cmake_args': None, 'catkin_skip_building_tests': False, 'cmake_args': None, 'cmake_clean_cache': False, 'cmake_clean_first': False, 'cmake_force_configure': False, 'cmake_target': None, 'cmake_target_skip_unavailable': False, 'install_base': '/home/lunog/ros2_ws/install/my_ros2_practice', 'merge_install': False, 'path': '/home/lunog/ros2_ws/src/my_ros2_practice', 'symlink_install': False, 'test_result_base': None}
[0.314s] Level 5:colcon.colcon_core.verb:set package 'service' build argument 'cmake_args' from command line to 'None'
[0.314s] Level 5:colcon.colcon_core.verb:set package 'service' build argument 'cmake_target' from command line to 'None'
[0.314s] Level 5:colcon.colcon_core.verb:set package 'service' build argument 'cmake_target_skip_unavailable' from command line to 'False'
[0.314s] Level 5:colcon.colcon_core.verb:set package 'service' build argument 'cmake_clean_cache' from command line to 'False'
[0.314s] Level 5:colcon.colcon_core.verb:set package 'service' build argument 'cmake_clean_first' from command line to 'False'
[0.314s] Level 5:colcon.colcon_core.verb:set package 'service' build argument 'cmake_force_configure' from command line to 'False'
[0.314s] Level 5:colcon.colcon_core.verb:set package 'service' build argument 'ament_cmake_args' from command line to 'None'
[0.314s] Level 5:colcon.colcon_core.verb:set package 'service' build argument 'catkin_cmake_args' from command line to 'None'
[0.314s] Level 5:colcon.colcon_core.verb:set package 'service' build argument 'catkin_skip_building_tests' from command line to 'False'
[0.314s] DEBUG:colcon.colcon_core.verb:Building package 'service' with the following arguments: {'ament_cmake_args': None, 'build_base': '/home/lunog/ros2_ws/build/service', 'catkin_cmake_args': None, 'catkin_skip_building_tests': False, 'cmake_args': None, 'cmake_clean_cache': False, 'cmake_clean_first': False, 'cmake_force_configure': False, 'cmake_target': None, 'cmake_target_skip_unavailable': False, 'install_base': '/home/lunog/ros2_ws/install/service', 'merge_install': False, 'path': '/home/lunog/ros2_ws/src/service', 'symlink_install': False, 'test_result_base': None}
[0.314s] INFO:colcon.colcon_core.executor:Executing jobs using 'parallel' executor
[0.315s] DEBUG:colcon.colcon_parallel_executor.executor.parallel:run_until_complete
[0.315s] INFO:colcon.colcon_ros.task.ament_python.build:Building ROS package in '/home/lunog/ros2_ws/src/multi_subscriber_demo' with build type 'ament_python'
[0.315s] Level 1:colcon.colcon_core.shell:create_environment_hook('multi_subscriber_demo', 'ament_prefix_path')
[0.317s] INFO:colcon.colcon_core.plugin_system:Skipping extension 'colcon_core.shell.bat': Not used on non-Windows systems
[0.317s] INFO:colcon.colcon_core.shell:Creating environment hook '/home/lunog/ros2_ws/install/multi_subscriber_demo/share/multi_subscriber_demo/hook/ament_prefix_path.ps1'
[0.318s] INFO:colcon.colcon_core.shell:Creating environment descriptor '/home/lunog/ros2_ws/install/multi_subscriber_demo/share/multi_subscriber_demo/hook/ament_prefix_path.dsv'
[0.318s] INFO:colcon.colcon_core.shell:Creating environment hook '/home/lunog/ros2_ws/install/multi_subscriber_demo/share/multi_subscriber_demo/hook/ament_prefix_path.sh'
[0.319s] INFO:colcon.colcon_core.shell:Skip shell extension 'powershell' for command environment: Not usable outside of PowerShell
[0.319s] DEBUG:colcon.colcon_core.shell:Skip shell extension 'dsv' for command environment
[0.321s] INFO:colcon.colcon_ros.task.ament_python.build:Building ROS package in '/home/lunog/ros2_ws/src/my_py_pkg' with build type 'ament_python'
[0.321s] Level 1:colcon.colcon_core.shell:create_environment_hook('my_py_pkg', 'ament_prefix_path')
[0.321s] INFO:colcon.colcon_core.shell:Creating environment hook '/home/lunog/ros2_ws/install/my_py_pkg/share/my_py_pkg/hook/ament_prefix_path.ps1'
[0.322s] INFO:colcon.colcon_core.shell:Creating environment descriptor '/home/lunog/ros2_ws/install/my_py_pkg/share/my_py_pkg/hook/ament_prefix_path.dsv'
[0.322s] INFO:colcon.colcon_core.shell:Creating environment hook '/home/lunog/ros2_ws/install/my_py_pkg/share/my_py_pkg/hook/ament_prefix_path.sh'
[0.322s] INFO:colcon.colcon_core.shell:Skip shell extension 'powershell' for command environment: Not usable outside of PowerShell
[0.322s] DEBUG:colcon.colcon_core.shell:Skip shell extension 'dsv' for command environment
[0.324s] INFO:colcon.colcon_ros.task.ament_python.build:Building ROS package in '/home/lunog/ros2_ws/src/my_ros2_practice' with build type 'ament_python'
[0.324s] Level 1:colcon.colcon_core.shell:create_environment_hook('my_ros2_practice', 'ament_prefix_path')
[0.324s] INFO:colcon.colcon_core.shell:Creating environment hook '/home/lunog/ros2_ws/install/my_ros2_practice/share/my_ros2_practice/hook/ament_prefix_path.ps1'
[0.325s] INFO:colcon.colcon_core.shell:Creating environment descriptor '/home/lunog/ros2_ws/install/my_ros2_practice/share/my_ros2_practice/hook/ament_prefix_path.dsv'
[0.325s] INFO:colcon.colcon_core.shell:Creating environment hook '/home/lunog/ros2_ws/install/my_ros2_practice/share/my_ros2_practice/hook/ament_prefix_path.sh'
[0.325s] INFO:colcon.colcon_core.shell:Skip shell extension 'powershell' for command environment: Not usable outside of PowerShell
[0.325s] DEBUG:colcon.colcon_core.shell:Skip shell extension 'dsv' for command environment
[0.328s] INFO:colcon.colcon_ros.task.ament_python.build:Building ROS package in '/home/lunog/ros2_ws/src/service' with build type 'ament_python'
[0.328s] Level 1:colcon.colcon_core.shell:create_environment_hook('service', 'ament_prefix_path')
[0.328s] INFO:colcon.colcon_core.shell:Creating environment hook '/home/lunog/ros2_ws/install/service/share/service/hook/ament_prefix_path.ps1'
[0.328s] INFO:colcon.colcon_core.shell:Creating environment descriptor '/home/lunog/ros2_ws/install/service/share/service/hook/ament_prefix_path.dsv'
[0.329s] INFO:colcon.colcon_core.shell:Creating environment hook '/home/lunog/ros2_ws/install/service/share/service/hook/ament_prefix_path.sh'
[0.329s] INFO:colcon.colcon_core.shell:Skip shell extension 'powershell' for command environment: Not usable outside of PowerShell
[0.329s] DEBUG:colcon.colcon_core.shell:Skip shell extension 'dsv' for command environment
[0.557s] INFO:colcon.colcon_core.task.python.build:Building Python package in '/home/lunog/ros2_ws/src/multi_subscriber_demo'
[0.557s] INFO:colcon.colcon_core.shell:Skip shell extension 'powershell' for command environment: Not usable outside of PowerShell
[0.557s] DEBUG:colcon.colcon_core.shell:Skip shell extension 'dsv' for command environment
[0.792s] INFO:colcon.colcon_core.task.python.build:Building Python package in '/home/lunog/ros2_ws/src/my_py_pkg'
[0.792s] INFO:colcon.colcon_core.shell:Skip shell extension 'powershell' for command environment: Not usable outside of PowerShell
[0.792s] DEBUG:colcon.colcon_core.shell:Skip shell extension 'dsv' for command environment
[1.012s] INFO:colcon.colcon_core.task.python.build:Building Python package in '/home/lunog/ros2_ws/src/my_ros2_practice'
[1.012s] INFO:colcon.colcon_core.shell:Skip shell extension 'powershell' for command environment: Not usable outside of PowerShell
[1.013s] DEBUG:colcon.colcon_core.shell:Skip shell extension 'dsv' for command environment
[1.238s] INFO:colcon.colcon_core.task.python.build:Building Python package in '/home/lunog/ros2_ws/src/service'
[1.238s] INFO:colcon.colcon_core.shell:Skip shell extension 'powershell' for command environment: Not usable outside of PowerShell
[1.238s] DEBUG:colcon.colcon_core.shell:Skip shell extension 'dsv' for command environment
[1.609s] DEBUG:colcon.colcon_core.event_handler.log_command:Invoking command in '/home/lunog/ros2_ws/src/multi_subscriber_demo': PYTHONPATH=/home/lunog/ros2_ws/build/multi_subscriber_demo/prefix_override:/usr/lib/python3/dist-packages/colcon_core/task/python/colcon_distutils_commands:/home/lunog/ros2_ws/install/multi_subscriber_demo/lib/python3.10/site-packages:${PYTHONPATH} /usr/bin/python3 -W ignore:setup.py install is deprecated -W ignore:easy_install command is deprecated setup.py egg_info --egg-base ../../build/multi_subscriber_demo build --build-base /home/lunog/ros2_ws/build/multi_subscriber_demo/build install --record /home/lunog/ros2_ws/build/multi_subscriber_demo/install.log --single-version-externally-managed install_data
[1.614s] DEBUG:colcon.colcon_core.event_handler.log_command:Invoking command in '/home/lunog/ros2_ws/src/my_ros2_practice': PYTHONPATH=/home/lunog/ros2_ws/build/my_ros2_practice/prefix_override:/usr/lib/python3/dist-packages/colcon_core/task/python/colcon_distutils_commands:/home/lunog/ros2_ws/install/my_ros2_practice/lib/python3.10/site-packages:${PYTHONPATH} /usr/bin/python3 -W ignore:setup.py install is deprecated -W ignore:easy_install command is deprecated setup.py egg_info --egg-base ../../build/my_ros2_practice build --build-base /home/lunog/ros2_ws/build/my_ros2_practice/build install --record /home/lunog/ros2_ws/build/my_ros2_practice/install.log --single-version-externally-managed install_data
[1.617s] DEBUG:colcon.colcon_core.event_handler.log_command:Invoking command in '/home/lunog/ros2_ws/src/my_py_pkg': PYTHONPATH=/home/lunog/ros2_ws/build/my_py_pkg/prefix_override:/usr/lib/python3/dist-packages/colcon_core/task/python/colcon_distutils_commands:/home/lunog/ros2_ws/install/my_py_pkg/lib/python3.10/site-packages:${PYTHONPATH} /usr/bin/python3 -W ignore:setup.py install is deprecated -W ignore:easy_install command is deprecated setup.py egg_info --egg-base ../../build/my_py_pkg build --build-base /home/lunog/ros2_ws/build/my_py_pkg/build install --record /home/lunog/ros2_ws/build/my_py_pkg/install.log --single-version-externally-managed install_data
[1.618s] DEBUG:colcon.colcon_core.event_handler.log_command:Invoking command in '/home/lunog/ros2_ws/src/service': PYTHONPATH=/home/lunog/ros2_ws/build/service/prefix_override:/usr/lib/python3/dist-packages/colcon_core/task/python/colcon_distutils_commands:/home/lunog/ros2_ws/install/service/lib/python3.10/site-packages:${PYTHONPATH} /usr/bin/python3 -W ignore:setup.py install is deprecated -W ignore:easy_install command is deprecated setup.py egg_info --egg-base ../../build/service build --build-base /home/lunog/ros2_ws/build/service/build install --record /home/lunog/ros2_ws/build/service/install.log --single-version-externally-managed install_data
[1.903s] DEBUG:colcon.colcon_core.event_handler.log_command:Invoked command in '/home/lunog/ros2_ws/src/multi_subscriber_demo' returned '0': PYTHONPATH=/home/lunog/ros2_ws/build/multi_subscriber_demo/prefix_override:/usr/lib/python3/dist-packages/colcon_core/task/python/colcon_distutils_commands:/home/lunog/ros2_ws/install/multi_subscriber_demo/lib/python3.10/site-packages:${PYTHONPATH} /usr/bin/python3 -W ignore:setup.py install is deprecated -W ignore:easy_install command is deprecated setup.py egg_info --egg-base ../../build/multi_subscriber_demo build --build-base /home/lunog/ros2_ws/build/multi_subscriber_demo/build install --record /home/lunog/ros2_ws/build/multi_subscriber_demo/install.log --single-version-externally-managed install_data
[1.904s] Level 1:colcon.colcon_core.environment:checking '/home/lunog/ros2_ws/install/multi_subscriber_demo' for CMake module files
[1.905s] Level 1:colcon.colcon_core.environment:checking '/home/lunog/ros2_ws/install/multi_subscriber_demo' for CMake config files
[1.905s] Level 1:colcon.colcon_core.environment:checking '/home/lunog/ros2_ws/install/multi_subscriber_demo/lib'
[1.905s] Level 1:colcon.colcon_core.environment:checking '/home/lunog/ros2_ws/install/multi_subscriber_demo/bin'
[1.905s] Level 1:colcon.colcon_core.environment:checking '/home/lunog/ros2_ws/install/multi_subscriber_demo/lib/pkgconfig/multi_subscriber_demo.pc'
[1.906s] Level 1:colcon.colcon_core.environment:checking '/home/lunog/ros2_ws/install/multi_subscriber_demo/lib/python3.10/site-packages'
[1.906s] Level 1:colcon.colcon_core.shell:create_environment_hook('multi_subscriber_demo', 'pythonpath')
[1.906s] INFO:colcon.colcon_core.shell:Creating environment hook '/home/lunog/ros2_ws/install/multi_subscriber_demo/share/multi_subscriber_demo/hook/pythonpath.ps1'
[1.906s] INFO:colcon.colcon_core.shell:Creating environment descriptor '/home/lunog/ros2_ws/install/multi_subscriber_demo/share/multi_subscriber_demo/hook/pythonpath.dsv'
[1.906s] INFO:colcon.colcon_core.shell:Creating environment hook '/home/lunog/ros2_ws/install/multi_subscriber_demo/share/multi_subscriber_demo/hook/pythonpath.sh'
[1.907s] Level 1:colcon.colcon_core.environment:checking '/home/lunog/ros2_ws/install/multi_subscriber_demo/bin'
[1.907s] Level 1:colcon.colcon_core.environment:create_environment_scripts_only(multi_subscriber_demo)
[1.907s] INFO:colcon.colcon_core.shell:Creating package script '/home/lunog/ros2_ws/install/multi_subscriber_demo/share/multi_subscriber_demo/package.ps1'
[1.908s] INFO:colcon.colcon_core.shell:Creating package descriptor '/home/lunog/ros2_ws/install/multi_subscriber_demo/share/multi_subscriber_demo/package.dsv'
[1.908s] INFO:colcon.colcon_core.shell:Creating package script '/home/lunog/ros2_ws/install/multi_subscriber_demo/share/multi_subscriber_demo/package.sh'
[1.909s] INFO:colcon.colcon_core.shell:Creating package script '/home/lunog/ros2_ws/install/multi_subscriber_demo/share/multi_subscriber_demo/package.bash'
[1.909s] INFO:colcon.colcon_core.shell:Creating package script '/home/lunog/ros2_ws/install/multi_subscriber_demo/share/multi_subscriber_demo/package.zsh'
[1.910s] Level 1:colcon.colcon_core.environment:create_file_with_runtime_dependencies(/home/lunog/ros2_ws/install/multi_subscriber_demo/share/colcon-core/packages/multi_subscriber_demo)
[1.911s] Level 1:colcon.colcon_core.environment:checking '/home/lunog/ros2_ws/install/my_ros2_practice' for CMake module files
[1.912s] DEBUG:colcon.colcon_core.event_handler.log_command:Invoked command in '/home/lunog/ros2_ws/src/my_ros2_practice' returned '0': PYTHONPATH=/home/lunog/ros2_ws/build/my_ros2_practice/prefix_override:/usr/lib/python3/dist-packages/colcon_core/task/python/colcon_distutils_commands:/home/lunog/ros2_ws/install/my_ros2_practice/lib/python3.10/site-packages:${PYTHONPATH} /usr/bin/python3 -W ignore:setup.py install is deprecated -W ignore:easy_install command is deprecated setup.py egg_info --egg-base ../../build/my_ros2_practice build --build-base /home/lunog/ros2_ws/build/my_ros2_practice/build install --record /home/lunog/ros2_ws/build/my_ros2_practice/install.log --single-version-externally-managed install_data
[1.912s] Level 1:colcon.colcon_core.environment:checking '/home/lunog/ros2_ws/install/my_ros2_practice' for CMake config files
[1.912s] Level 1:colcon.colcon_core.environment:checking '/home/lunog/ros2_ws/install/my_ros2_practice/lib'
[1.912s] Level 1:colcon.colcon_core.environment:checking '/home/lunog/ros2_ws/install/my_ros2_practice/bin'
[1.912s] Level 1:colcon.colcon_core.environment:checking '/home/lunog/ros2_ws/install/my_ros2_practice/lib/pkgconfig/my_ros2_practice.pc'
[1.912s] Level 1:colcon.colcon_core.environment:checking '/home/lunog/ros2_ws/install/my_ros2_practice/lib/python3.10/site-packages'
[1.912s] Level 1:colcon.colcon_core.shell:create_environment_hook('my_ros2_practice', 'pythonpath')
[1.913s] INFO:colcon.colcon_core.shell:Creating environment hook '/home/lunog/ros2_ws/install/my_ros2_practice/share/my_ros2_practice/hook/pythonpath.ps1'
[1.913s] INFO:colcon.colcon_core.shell:Creating environment descriptor '/home/lunog/ros2_ws/install/my_ros2_practice/share/my_ros2_practice/hook/pythonpath.dsv'
[1.913s] INFO:colcon.colcon_core.shell:Creating environment hook '/home/lunog/ros2_ws/install/my_ros2_practice/share/my_ros2_practice/hook/pythonpath.sh'
[1.914s] Level 1:colcon.colcon_core.environment:checking '/home/lunog/ros2_ws/install/my_ros2_practice/bin'
[1.914s] Level 1:colcon.colcon_core.environment:create_environment_scripts_only(my_ros2_practice)
[1.914s] INFO:colcon.colcon_core.shell:Creating package script '/home/lunog/ros2_ws/install/my_ros2_practice/share/my_ros2_practice/package.ps1'
[1.914s] INFO:colcon.colcon_core.shell:Creating package descriptor '/home/lunog/ros2_ws/install/my_ros2_practice/share/my_ros2_practice/package.dsv'
[1.915s] INFO:colcon.colcon_core.shell:Creating package script '/home/lunog/ros2_ws/install/my_ros2_practice/share/my_ros2_practice/package.sh'
[1.915s] INFO:colcon.colcon_core.shell:Creating package script '/home/lunog/ros2_ws/install/my_ros2_practice/share/my_ros2_practice/package.bash'
[1.915s] INFO:colcon.colcon_core.shell:Creating package script '/home/lunog/ros2_ws/install/my_ros2_practice/share/my_ros2_practice/package.zsh'
[1.915s] Level 1:colcon.colcon_core.environment:create_file_with_runtime_dependencies(/home/lunog/ros2_ws/install/my_ros2_practice/share/colcon-core/packages/my_ros2_practice)
[1.916s] Level 1:colcon.colcon_core.environment:checking '/home/lunog/ros2_ws/install/service' for CMake module files
[1.917s] DEBUG:colcon.colcon_core.event_handler.log_command:Invoked command in '/home/lunog/ros2_ws/src/service' returned '0': PYTHONPATH=/home/lunog/ros2_ws/build/service/prefix_override:/usr/lib/python3/dist-packages/colcon_core/task/python/colcon_distutils_commands:/home/lunog/ros2_ws/install/service/lib/python3.10/site-packages:${PYTHONPATH} /usr/bin/python3 -W ignore:setup.py install is deprecated -W ignore:easy_install command is deprecated setup.py egg_info --egg-base ../../build/service build --build-base /home/lunog/ros2_ws/build/service/build install --record /home/lunog/ros2_ws/build/service/install.log --single-version-externally-managed install_data
[1.917s] Level 1:colcon.colcon_core.environment:checking '/home/lunog/ros2_ws/install/service' for CMake config files
[1.917s] Level 1:colcon.colcon_core.environment:checking '/home/lunog/ros2_ws/install/service/lib'
[1.917s] Level 1:colcon.colcon_core.environment:checking '/home/lunog/ros2_ws/install/service/bin'
[1.917s] Level 1:colcon.colcon_core.environment:checking '/home/lunog/ros2_ws/install/service/lib/pkgconfig/service.pc'
[1.917s] Level 1:colcon.colcon_core.environment:checking '/home/lunog/ros2_ws/install/service/lib/python3.10/site-packages'
[1.917s] Level 1:colcon.colcon_core.shell:create_environment_hook('service', 'pythonpath')
[1.918s] INFO:colcon.colcon_core.shell:Creating environment hook '/home/lunog/ros2_ws/install/service/share/service/hook/pythonpath.ps1'
[1.918s] INFO:colcon.colcon_core.shell:Creating environment descriptor '/home/lunog/ros2_ws/install/service/share/service/hook/pythonpath.dsv'
[1.918s] INFO:colcon.colcon_core.shell:Creating environment hook '/home/lunog/ros2_ws/install/service/share/service/hook/pythonpath.sh'
[1.919s] Level 1:colcon.colcon_core.environment:checking '/home/lunog/ros2_ws/install/service/bin'
[1.919s] Level 1:colcon.colcon_core.environment:create_environment_scripts_only(service)
[1.919s] INFO:colcon.colcon_core.shell:Creating package script '/home/lunog/ros2_ws/install/service/share/service/package.ps1'
[1.919s] INFO:colcon.colcon_core.shell:Creating package descriptor '/home/lunog/ros2_ws/install/service/share/service/package.dsv'
[1.920s] INFO:colcon.colcon_core.shell:Creating package script '/home/lunog/ros2_ws/install/service/share/service/package.sh'
[1.920s] INFO:colcon.colcon_core.shell:Creating package script '/home/lunog/ros2_ws/install/service/share/service/package.bash'
[1.920s] INFO:colcon.colcon_core.shell:Creating package script '/home/lunog/ros2_ws/install/service/share/service/package.zsh'
[1.920s] Level 1:colcon.colcon_core.environment:create_file_with_runtime_dependencies(/home/lunog/ros2_ws/install/service/share/colcon-core/packages/service)
[1.921s] Level 1:colcon.colcon_core.environment:checking '/home/lunog/ros2_ws/install/my_py_pkg' for CMake module files
[1.921s] Level 1:colcon.colcon_core.environment:checking '/home/lunog/ros2_ws/install/my_py_pkg' for CMake config files
[1.921s] DEBUG:colcon.colcon_core.event_handler.log_command:Invoked command in '/home/lunog/ros2_ws/src/my_py_pkg' returned '0': PYTHONPATH=/home/lunog/ros2_ws/build/my_py_pkg/prefix_override:/usr/lib/python3/dist-packages/colcon_core/task/python/colcon_distutils_commands:/home/lunog/ros2_ws/install/my_py_pkg/lib/python3.10/site-packages:${PYTHONPATH} /usr/bin/python3 -W ignore:setup.py install is deprecated -W ignore:easy_install command is deprecated setup.py egg_info --egg-base ../../build/my_py_pkg build --build-base /home/lunog/ros2_ws/build/my_py_pkg/build install --record /home/lunog/ros2_ws/build/my_py_pkg/install.log --single-version-externally-managed install_data
[1.922s] Level 1:colcon.colcon_core.environment:checking '/home/lunog/ros2_ws/install/my_py_pkg/lib'
[1.922s] Level 1:colcon.colcon_core.environment:checking '/home/lunog/ros2_ws/install/my_py_pkg/bin'
[1.922s] Level 1:colcon.colcon_core.environment:checking '/home/lunog/ros2_ws/install/my_py_pkg/lib/pkgconfig/my_py_pkg.pc'
[1.922s] Level 1:colcon.colcon_core.environment:checking '/home/lunog/ros2_ws/install/my_py_pkg/lib/python3.10/site-packages'
[1.922s] Level 1:colcon.colcon_core.shell:create_environment_hook('my_py_pkg', 'pythonpath')
[1.922s] INFO:colcon.colcon_core.shell:Creating environment hook '/home/lunog/ros2_ws/install/my_py_pkg/share/my_py_pkg/hook/pythonpath.ps1'
[1.923s] INFO:colcon.colcon_core.shell:Creating environment descriptor '/home/lunog/ros2_ws/install/my_py_pkg/share/my_py_pkg/hook/pythonpath.dsv'
[1.923s] INFO:colcon.colcon_core.shell:Creating environment hook '/home/lunog/ros2_ws/install/my_py_pkg/share/my_py_pkg/hook/pythonpath.sh'
[1.923s] Level 1:colcon.colcon_core.environment:checking '/home/lunog/ros2_ws/install/my_py_pkg/bin'
[1.923s] Level 1:colcon.colcon_core.environment:create_environment_scripts_only(my_py_pkg)
[1.924s] INFO:colcon.colcon_core.shell:Creating package script '/home/lunog/ros2_ws/install/my_py_pkg/share/my_py_pkg/package.ps1'
[1.924s] INFO:colcon.colcon_core.shell:Creating package descriptor '/home/lunog/ros2_ws/install/my_py_pkg/share/my_py_pkg/package.dsv'
[1.924s] INFO:colcon.colcon_core.shell:Creating package script '/home/lunog/ros2_ws/install/my_py_pkg/share/my_py_pkg/package.sh'
[1.925s] INFO:colcon.colcon_core.shell:Creating package script '/home/lunog/ros2_ws/install/my_py_pkg/share/my_py_pkg/package.bash'
[1.925s] INFO:colcon.colcon_core.shell:Creating package script '/home/lunog/ros2_ws/install/my_py_pkg/share/my_py_pkg/package.zsh'
[1.925s] Level 1:colcon.colcon_core.environment:create_file_with_runtime_dependencies(/home/lunog/ros2_ws/install/my_py_pkg/share/colcon-core/packages/my_py_pkg)
[1.925s] DEBUG:colcon.colcon_parallel_executor.executor.parallel:closing loop
[1.926s] DEBUG:colcon.colcon_parallel_executor.executor.parallel:loop closed
[1.926s] DEBUG:colcon.colcon_parallel_executor.executor.parallel:run_until_complete finished with '0'
[1.926s] DEBUG:colcon.colcon_core.event_reactor:joining thread
[1.930s] INFO:colcon.colcon_core.plugin_system:Skipping extension 'colcon_notification.desktop_notification.terminal_notifier': Not used on non-Darwin systems
[1.930s] INFO:colcon.colcon_core.plugin_system:Skipping extension 'colcon_notification.desktop_notification.win32': Not used on non-Windows systems
[1.930s] INFO:colcon.colcon_notification.desktop_notification:Sending desktop notification using 'notify2'
[1.939s] DEBUG:colcon.colcon_core.event_reactor:joined thread
[1.940s] INFO:colcon.colcon_core.shell:Creating prefix script '/home/lunog/ros2_ws/install/local_setup.ps1'
[1.940s] INFO:colcon.colcon_core.shell:Creating prefix util module '/home/lunog/ros2_ws/install/_local_setup_util_ps1.py'
[1.941s] INFO:colcon.colcon_core.shell:Creating prefix chain script '/home/lunog/ros2_ws/install/setup.ps1'
[1.942s] INFO:colcon.colcon_core.shell:Creating prefix script '/home/lunog/ros2_ws/install/local_setup.sh'
[1.943s] INFO:colcon.colcon_core.shell:Creating prefix util module '/home/lunog/ros2_ws/install/_local_setup_util_sh.py'
[1.943s] INFO:colcon.colcon_core.shell:Creating prefix chain script '/home/lunog/ros2_ws/install/setup.sh'
[1.944s] INFO:colcon.colcon_core.shell:Creating prefix script '/home/lunog/ros2_ws/install/local_setup.bash'
[1.944s] INFO:colcon.colcon_core.shell:Creating prefix chain script '/home/lunog/ros2_ws/install/setup.bash'
[1.945s] INFO:colcon.colcon_core.shell:Creating prefix script '/home/lunog/ros2_ws/install/local_setup.zsh'
[1.945s] INFO:colcon.colcon_core.shell:Creating prefix chain script '/home/lunog/ros2_ws/install/setup.zsh'
