running egg_info
creating ../../build/service/service.egg-info
writing ../../build/service/service.egg-info/PKG-INFO
writing dependency_links to ../../build/service/service.egg-info/dependency_links.txt
writing entry points to ../../build/service/service.egg-info/entry_points.txt
writing requirements to ../../build/service/service.egg-info/requires.txt
writing top-level names to ../../build/service/service.egg-info/top_level.txt
writing manifest file '../../build/service/service.egg-info/SOURCES.txt'
reading manifest file '../../build/service/service.egg-info/SOURCES.txt'
writing manifest file '../../build/service/service.egg-info/SOURCES.txt'
running build
running build_py
creating /home/lunog/ros2_ws/build/service/build
creating /home/lunog/ros2_ws/build/service/build/lib
creating /home/lunog/ros2_ws/build/service/build/lib/service
copying service/server.py -> /home/lunog/ros2_ws/build/service/build/lib/service
copying service/__init__.py -> /home/lunog/ros2_ws/build/service/build/lib/service
copying service/client.py -> /home/lunog/ros2_ws/build/service/build/lib/service
running install
running install_lib
creating /home/lunog/ros2_ws/install/service/lib/python3.10/site-packages/service
copying /home/lunog/ros2_ws/build/service/build/lib/service/server.py -> /home/lunog/ros2_ws/install/service/lib/python3.10/site-packages/service
copying /home/lunog/ros2_ws/build/service/build/lib/service/__init__.py -> /home/lunog/ros2_ws/install/service/lib/python3.10/site-packages/service
copying /home/lunog/ros2_ws/build/service/build/lib/service/client.py -> /home/lunog/ros2_ws/install/service/lib/python3.10/site-packages/service
byte-compiling /home/lunog/ros2_ws/install/service/lib/python3.10/site-packages/service/server.py to server.cpython-310.pyc
byte-compiling /home/lunog/ros2_ws/install/service/lib/python3.10/site-packages/service/__init__.py to __init__.cpython-310.pyc
byte-compiling /home/lunog/ros2_ws/install/service/lib/python3.10/site-packages/service/client.py to client.cpython-310.pyc
running install_data
creating /home/lunog/ros2_ws/install/service/share/ament_index
creating /home/lunog/ros2_ws/install/service/share/ament_index/resource_index
creating /home/lunog/ros2_ws/install/service/share/ament_index/resource_index/packages
copying resource/service -> /home/lunog/ros2_ws/install/service/share/ament_index/resource_index/packages
copying package.xml -> /home/lunog/ros2_ws/install/service/share/service
running install_egg_info
Copying ../../build/service/service.egg-info to /home/lunog/ros2_ws/install/service/lib/python3.10/site-packages/service-0.0.0-py3.10.egg-info
running install_scripts
Installing client script to /home/lunog/ros2_ws/install/service/lib/service
Installing server script to /home/lunog/ros2_ws/install/service/lib/service
writing list of installed files to '/home/lunog/ros2_ws/build/service/install.log'
