[0.771s] Invoking command in '/home/lunog/ros2_ws/src/service': PYTHONPATH=/home/lunog/ros2_ws/build/service/prefix_override:/usr/lib/python3/dist-packages/colcon_core/task/python/colcon_distutils_commands:/home/lunog/ros2_ws/install/service/lib/python3.10/site-packages:${PYTHONPATH} /usr/bin/python3 -W ignore:setup.py install is deprecated -W ignore:easy_install command is deprecated setup.py egg_info --egg-base ../../build/service build --build-base /home/lunog/ros2_ws/build/service/build install --record /home/lunog/ros2_ws/build/service/install.log --single-version-externally-managed install_data
[0.978s] running egg_info
[0.978s] creating ../../build/service/service.egg-info
[0.979s] writing ../../build/service/service.egg-info/PKG-INFO
[0.979s] writing dependency_links to ../../build/service/service.egg-info/dependency_links.txt
[0.979s] writing entry points to ../../build/service/service.egg-info/entry_points.txt
[0.979s] writing requirements to ../../build/service/service.egg-info/requires.txt
[0.979s] writing top-level names to ../../build/service/service.egg-info/top_level.txt
[0.980s] writing manifest file '../../build/service/service.egg-info/SOURCES.txt'
[0.981s] reading manifest file '../../build/service/service.egg-info/SOURCES.txt'
[0.982s] writing manifest file '../../build/service/service.egg-info/SOURCES.txt'
[0.982s] running build
[0.982s] running build_py
[0.982s] creating /home/lunog/ros2_ws/build/service/build
[0.982s] creating /home/lunog/ros2_ws/build/service/build/lib
[0.982s] creating /home/lunog/ros2_ws/build/service/build/lib/service
[0.982s] copying service/server.py -> /home/lunog/ros2_ws/build/service/build/lib/service
[0.982s] copying service/__init__.py -> /home/lunog/ros2_ws/build/service/build/lib/service
[0.982s] copying service/client.py -> /home/lunog/ros2_ws/build/service/build/lib/service
[0.982s] running install
[0.983s] running install_lib
[0.983s] creating /home/lunog/ros2_ws/install/service/lib/python3.10/site-packages/service
[0.983s] copying /home/lunog/ros2_ws/build/service/build/lib/service/server.py -> /home/lunog/ros2_ws/install/service/lib/python3.10/site-packages/service
[0.983s] copying /home/lunog/ros2_ws/build/service/build/lib/service/__init__.py -> /home/lunog/ros2_ws/install/service/lib/python3.10/site-packages/service
[0.983s] copying /home/lunog/ros2_ws/build/service/build/lib/service/client.py -> /home/lunog/ros2_ws/install/service/lib/python3.10/site-packages/service
[0.984s] byte-compiling /home/lunog/ros2_ws/install/service/lib/python3.10/site-packages/service/server.py to server.cpython-310.pyc
[0.984s] byte-compiling /home/lunog/ros2_ws/install/service/lib/python3.10/site-packages/service/__init__.py to __init__.cpython-310.pyc
[0.984s] byte-compiling /home/lunog/ros2_ws/install/service/lib/python3.10/site-packages/service/client.py to client.cpython-310.pyc
[0.985s] running install_data
[0.985s] creating /home/lunog/ros2_ws/install/service/share/ament_index
[0.985s] creating /home/lunog/ros2_ws/install/service/share/ament_index/resource_index
[0.985s] creating /home/lunog/ros2_ws/install/service/share/ament_index/resource_index/packages
[0.985s] copying resource/service -> /home/lunog/ros2_ws/install/service/share/ament_index/resource_index/packages
[0.985s] copying package.xml -> /home/lunog/ros2_ws/install/service/share/service
[0.985s] running install_egg_info
[0.986s] Copying ../../build/service/service.egg-info to /home/lunog/ros2_ws/install/service/lib/python3.10/site-packages/service-0.0.0-py3.10.egg-info
[0.987s] running install_scripts
[1.002s] Installing client script to /home/lunog/ros2_ws/install/service/lib/service
[1.003s] Installing server script to /home/lunog/ros2_ws/install/service/lib/service
[1.003s] writing list of installed files to '/home/lunog/ros2_ws/build/service/install.log'
[1.022s] Invoked command in '/home/lunog/ros2_ws/src/service' returned '0': PYTHONPATH=/home/lunog/ros2_ws/build/service/prefix_override:/usr/lib/python3/dist-packages/colcon_core/task/python/colcon_distutils_commands:/home/lunog/ros2_ws/install/service/lib/python3.10/site-packages:${PYTHONPATH} /usr/bin/python3 -W ignore:setup.py install is deprecated -W ignore:easy_install command is deprecated setup.py egg_info --egg-base ../../build/service build --build-base /home/lunog/ros2_ws/build/service/build install --record /home/lunog/ros2_ws/build/service/install.log --single-version-externally-managed install_data
