[0.087s] DEBUG:colcon:Command line arguments: ['/usr/bin/colcon', 'build']
[0.087s] DEBUG:colcon:Parsed command line arguments: Namespace(log_base=None, log_level=None, verb_name='build', build_base='build', install_base='install', merge_install=False, symlink_install=False, test_result_base=None, continue_on_error=False, executor='parallel', parallel_workers=16, event_handlers=None, ignore_user_meta=False, metas=['./colcon.meta'], base_paths=['.'], packages_ignore=None, packages_ignore_regex=None, paths=None, packages_up_to=None, packages_up_to_regex=None, packages_above=None, packages_above_and_dependencies=None, packages_above_depth=None, packages_select_by_dep=None, packages_skip_by_dep=None, packages_skip_up_to=None, packages_select_build_failed=False, packages_skip_build_finished=False, packages_select_test_failures=False, packages_skip_test_passed=False, packages_select=None, packages_skip=None, packages_select_regex=None, packages_skip_regex=None, packages_start=None, packages_end=None, allow_overriding=[], cmake_args=None, cmake_target=None, cmake_target_skip_unavailable=False, cmake_clean_cache=False, cmake_clean_first=False, cmake_force_configure=False, ament_cmake_args=None, catkin_cmake_args=None, catkin_skip_building_tests=False, verb_parser=<colcon_defaults.argument_parser.defaults.DefaultArgumentsDecorator object at 0x729cb310fc70>, verb_extension=<colcon_core.verb.build.BuildVerb object at 0x729cb32b5780>, main=<bound method BuildVerb.main of <colcon_core.verb.build.BuildVerb object at 0x729cb32b5780>>)
[0.245s] Level 1:colcon.colcon_core.package_discovery:discover_packages(colcon_meta) check parameters
[0.246s] Level 1:colcon.colcon_core.package_discovery:discover_packages(recursive) check parameters
[0.246s] Level 1:colcon.colcon_core.package_discovery:discover_packages(ignore) check parameters
[0.246s] Level 1:colcon.colcon_core.package_discovery:discover_packages(path) check parameters
[0.246s] Level 1:colcon.colcon_core.package_discovery:discover_packages(colcon_meta) discover
[0.246s] Level 1:colcon.colcon_core.package_discovery:discover_packages(recursive) discover
[0.246s] INFO:colcon.colcon_core.package_discovery:Crawling recursively for packages in '/home/lunog/ros2_ws'
[0.246s] Level 1:colcon.colcon_core.package_identification:_identify(.) by extensions ['ignore', 'ignore_ament_install']
[0.246s] Level 1:colcon.colcon_core.package_identification:_identify(.) by extension 'ignore'
[0.246s] Level 1:colcon.colcon_core.package_identification:_identify(.) by extension 'ignore_ament_install'
[0.246s] Level 1:colcon.colcon_core.package_identification:_identify(.) by extensions ['colcon_pkg']
[0.246s] Level 1:colcon.colcon_core.package_identification:_identify(.) by extension 'colcon_pkg'
[0.246s] Level 1:colcon.colcon_core.package_identification:_identify(.) by extensions ['colcon_meta']
[0.246s] Level 1:colcon.colcon_core.package_identification:_identify(.) by extension 'colcon_meta'
[0.246s] Level 1:colcon.colcon_core.package_identification:_identify(.) by extensions ['ros']
[0.246s] Level 1:colcon.colcon_core.package_identification:_identify(.) by extension 'ros'
[0.264s] Level 1:colcon.colcon_core.package_identification:_identify(.) by extensions ['cmake', 'python']
[0.264s] Level 1:colcon.colcon_core.package_identification:_identify(.) by extension 'cmake'
[0.264s] Level 1:colcon.colcon_core.package_identification:_identify(.) by extension 'python'
[0.264s] Level 1:colcon.colcon_core.package_identification:_identify(.) by extensions ['python_setup_py']
[0.264s] Level 1:colcon.colcon_core.package_identification:_identify(.) by extension 'python_setup_py'
[0.264s] Level 1:colcon.colcon_core.package_identification:_identify(build) by extensions ['ignore', 'ignore_ament_install']
[0.264s] Level 1:colcon.colcon_core.package_identification:_identify(build) by extension 'ignore'
[0.264s] Level 1:colcon.colcon_core.package_identification:_identify(build) ignored
[0.264s] Level 1:colcon.colcon_core.package_identification:_identify(install) by extensions ['ignore', 'ignore_ament_install']
[0.264s] Level 1:colcon.colcon_core.package_identification:_identify(install) by extension 'ignore'
[0.264s] Level 1:colcon.colcon_core.package_identification:_identify(install) ignored
[0.264s] Level 1:colcon.colcon_core.package_identification:_identify(log) by extensions ['ignore', 'ignore_ament_install']
[0.264s] Level 1:colcon.colcon_core.package_identification:_identify(log) by extension 'ignore'
[0.264s] Level 1:colcon.colcon_core.package_identification:_identify(log) ignored
[0.264s] Level 1:colcon.colcon_core.package_identification:_identify(src) by extensions ['ignore', 'ignore_ament_install']
[0.265s] Level 1:colcon.colcon_core.package_identification:_identify(src) by extension 'ignore'
[0.265s] Level 1:colcon.colcon_core.package_identification:_identify(src) by extension 'ignore_ament_install'
[0.265s] Level 1:colcon.colcon_core.package_identification:_identify(src) by extensions ['colcon_pkg']
[0.265s] Level 1:colcon.colcon_core.package_identification:_identify(src) by extension 'colcon_pkg'
[0.265s] Level 1:colcon.colcon_core.package_identification:_identify(src) by extensions ['colcon_meta']
[0.265s] Level 1:colcon.colcon_core.package_identification:_identify(src) by extension 'colcon_meta'
[0.265s] Level 1:colcon.colcon_core.package_identification:_identify(src) by extensions ['ros']
[0.265s] Level 1:colcon.colcon_core.package_identification:_identify(src) by extension 'ros'
[0.265s] Level 1:colcon.colcon_core.package_identification:_identify(src) by extensions ['cmake', 'python']
[0.265s] Level 1:colcon.colcon_core.package_identification:_identify(src) by extension 'cmake'
[0.265s] Level 1:colcon.colcon_core.package_identification:_identify(src) by extension 'python'
[0.265s] Level 1:colcon.colcon_core.package_identification:_identify(src) by extensions ['python_setup_py']
[0.265s] Level 1:colcon.colcon_core.package_identification:_identify(src) by extension 'python_setup_py'
[0.265s] Level 1:colcon.colcon_core.package_identification:_identify(src/my_py_pkg) by extensions ['ignore', 'ignore_ament_install']
[0.265s] Level 1:colcon.colcon_core.package_identification:_identify(src/my_py_pkg) by extension 'ignore'
[0.265s] Level 1:colcon.colcon_core.package_identification:_identify(src/my_py_pkg) by extension 'ignore_ament_install'
[0.265s] Level 1:colcon.colcon_core.package_identification:_identify(src/my_py_pkg) by extensions ['colcon_pkg']
[0.265s] Level 1:colcon.colcon_core.package_identification:_identify(src/my_py_pkg) by extension 'colcon_pkg'
[0.265s] Level 1:colcon.colcon_core.package_identification:_identify(src/my_py_pkg) by extensions ['colcon_meta']
[0.265s] Level 1:colcon.colcon_core.package_identification:_identify(src/my_py_pkg) by extension 'colcon_meta'
[0.265s] Level 1:colcon.colcon_core.package_identification:_identify(src/my_py_pkg) by extensions ['ros']
[0.265s] Level 1:colcon.colcon_core.package_identification:_identify(src/my_py_pkg) by extension 'ros'
[0.267s] DEBUG:colcon.colcon_core.package_identification:Package 'src/my_py_pkg' with type 'ros.ament_python' and name 'my_py_pkg'
[0.268s] Level 1:colcon.colcon_core.package_identification:_identify(src/my_ros2_practice) by extensions ['ignore', 'ignore_ament_install']
[0.268s] Level 1:colcon.colcon_core.package_identification:_identify(src/my_ros2_practice) by extension 'ignore'
[0.268s] Level 1:colcon.colcon_core.package_identification:_identify(src/my_ros2_practice) by extension 'ignore_ament_install'
[0.268s] Level 1:colcon.colcon_core.package_identification:_identify(src/my_ros2_practice) by extensions ['colcon_pkg']
[0.268s] Level 1:colcon.colcon_core.package_identification:_identify(src/my_ros2_practice) by extension 'colcon_pkg'
[0.268s] Level 1:colcon.colcon_core.package_identification:_identify(src/my_ros2_practice) by extensions ['colcon_meta']
[0.268s] Level 1:colcon.colcon_core.package_identification:_identify(src/my_ros2_practice) by extension 'colcon_meta'
[0.268s] Level 1:colcon.colcon_core.package_identification:_identify(src/my_ros2_practice) by extensions ['ros']
[0.268s] Level 1:colcon.colcon_core.package_identification:_identify(src/my_ros2_practice) by extension 'ros'
[0.268s] DEBUG:colcon.colcon_core.package_identification:Package 'src/my_ros2_practice' with type 'ros.ament_python' and name 'my_ros2_practice'
[0.268s] Level 1:colcon.colcon_core.package_identification:_identify(src/service) by extensions ['ignore', 'ignore_ament_install']
[0.269s] Level 1:colcon.colcon_core.package_identification:_identify(src/service) by extension 'ignore'
[0.269s] Level 1:colcon.colcon_core.package_identification:_identify(src/service) by extension 'ignore_ament_install'
[0.269s] Level 1:colcon.colcon_core.package_identification:_identify(src/service) by extensions ['colcon_pkg']
[0.269s] Level 1:colcon.colcon_core.package_identification:_identify(src/service) by extension 'colcon_pkg'
[0.269s] Level 1:colcon.colcon_core.package_identification:_identify(src/service) by extensions ['colcon_meta']
[0.269s] Level 1:colcon.colcon_core.package_identification:_identify(src/service) by extension 'colcon_meta'
[0.269s] Level 1:colcon.colcon_core.package_identification:_identify(src/service) by extensions ['ros']
[0.269s] Level 1:colcon.colcon_core.package_identification:_identify(src/service) by extension 'ros'
[0.269s] DEBUG:colcon.colcon_core.package_identification:Package 'src/service' with type 'ros.ament_python' and name 'service'
[0.269s] Level 1:colcon.colcon_core.package_discovery:discover_packages(recursive) using defaults
[0.269s] Level 1:colcon.colcon_core.package_discovery:discover_packages(ignore) discover
[0.269s] Level 1:colcon.colcon_core.package_discovery:discover_packages(ignore) using defaults
[0.269s] Level 1:colcon.colcon_core.package_discovery:discover_packages(path) discover
[0.269s] Level 1:colcon.colcon_core.package_discovery:discover_packages(path) using defaults
[0.285s] Level 1:colcon.colcon_core.package_discovery:discover_packages(prefix_path) check parameters
[0.285s] Level 1:colcon.colcon_core.package_discovery:discover_packages(prefix_path) discover
[0.286s] WARNING:colcon.colcon_ros.prefix_path.ament:The path '/home/lunog/ros2_ws/install/service' in the environment variable AMENT_PREFIX_PATH doesn't exist
[0.286s] WARNING:colcon.colcon_ros.prefix_path.ament:The path '/home/lunog/ros2_ws/install/my_ros2_practice' in the environment variable AMENT_PREFIX_PATH doesn't exist
[0.286s] WARNING:colcon.colcon_ros.prefix_path.ament:The path '/home/lunog/ros2_ws/install/my_py_pkg' in the environment variable AMENT_PREFIX_PATH doesn't exist
[0.286s] DEBUG:colcon.colcon_installed_package_information.package_discovery:Found 0 installed packages in /home/lunog/ros2_ws/install
[0.287s] DEBUG:colcon.colcon_installed_package_information.package_discovery:Found 272 installed packages in /opt/ros/humble
[0.288s] Level 1:colcon.colcon_core.package_discovery:discover_packages(prefix_path) using defaults
[0.317s] Level 5:colcon.colcon_core.verb:set package 'my_py_pkg' build argument 'cmake_args' from command line to 'None'
[0.317s] Level 5:colcon.colcon_core.verb:set package 'my_py_pkg' build argument 'cmake_target' from command line to 'None'
[0.317s] Level 5:colcon.colcon_core.verb:set package 'my_py_pkg' build argument 'cmake_target_skip_unavailable' from command line to 'False'
[0.317s] Level 5:colcon.colcon_core.verb:set package 'my_py_pkg' build argument 'cmake_clean_cache' from command line to 'False'
[0.317s] Level 5:colcon.colcon_core.verb:set package 'my_py_pkg' build argument 'cmake_clean_first' from command line to 'False'
[0.317s] Level 5:colcon.colcon_core.verb:set package 'my_py_pkg' build argument 'cmake_force_configure' from command line to 'False'
[0.317s] Level 5:colcon.colcon_core.verb:set package 'my_py_pkg' build argument 'ament_cmake_args' from command line to 'None'
[0.317s] Level 5:colcon.colcon_core.verb:set package 'my_py_pkg' build argument 'catkin_cmake_args' from command line to 'None'
[0.318s] Level 5:colcon.colcon_core.verb:set package 'my_py_pkg' build argument 'catkin_skip_building_tests' from command line to 'False'
[0.318s] DEBUG:colcon.colcon_core.verb:Building package 'my_py_pkg' with the following arguments: {'ament_cmake_args': None, 'build_base': '/home/lunog/ros2_ws/build/my_py_pkg', 'catkin_cmake_args': None, 'catkin_skip_building_tests': False, 'cmake_args': None, 'cmake_clean_cache': False, 'cmake_clean_first': False, 'cmake_force_configure': False, 'cmake_target': None, 'cmake_target_skip_unavailable': False, 'install_base': '/home/lunog/ros2_ws/install/my_py_pkg', 'merge_install': False, 'path': '/home/lunog/ros2_ws/src/my_py_pkg', 'symlink_install': False, 'test_result_base': None}
[0.318s] Level 5:colcon.colcon_core.verb:set package 'my_ros2_practice' build argument 'cmake_args' from command line to 'None'
[0.318s] Level 5:colcon.colcon_core.verb:set package 'my_ros2_practice' build argument 'cmake_target' from command line to 'None'
[0.318s] Level 5:colcon.colcon_core.verb:set package 'my_ros2_practice' build argument 'cmake_target_skip_unavailable' from command line to 'False'
[0.318s] Level 5:colcon.colcon_core.verb:set package 'my_ros2_practice' build argument 'cmake_clean_cache' from command line to 'False'
[0.318s] Level 5:colcon.colcon_core.verb:set package 'my_ros2_practice' build argument 'cmake_clean_first' from command line to 'False'
[0.318s] Level 5:colcon.colcon_core.verb:set package 'my_ros2_practice' build argument 'cmake_force_configure' from command line to 'False'
[0.318s] Level 5:colcon.colcon_core.verb:set package 'my_ros2_practice' build argument 'ament_cmake_args' from command line to 'None'
[0.318s] Level 5:colcon.colcon_core.verb:set package 'my_ros2_practice' build argument 'catkin_cmake_args' from command line to 'None'
[0.318s] Level 5:colcon.colcon_core.verb:set package 'my_ros2_practice' build argument 'catkin_skip_building_tests' from command line to 'False'
[0.318s] DEBUG:colcon.colcon_core.verb:Building package 'my_ros2_practice' with the following arguments: {'ament_cmake_args': None, 'build_base': '/home/lunog/ros2_ws/build/my_ros2_practice', 'catkin_cmake_args': None, 'catkin_skip_building_tests': False, 'cmake_args': None, 'cmake_clean_cache': False, 'cmake_clean_first': False, 'cmake_force_configure': False, 'cmake_target': None, 'cmake_target_skip_unavailable': False, 'install_base': '/home/lunog/ros2_ws/install/my_ros2_practice', 'merge_install': False, 'path': '/home/lunog/ros2_ws/src/my_ros2_practice', 'symlink_install': False, 'test_result_base': None}
[0.318s] Level 5:colcon.colcon_core.verb:set package 'service' build argument 'cmake_args' from command line to 'None'
[0.318s] Level 5:colcon.colcon_core.verb:set package 'service' build argument 'cmake_target' from command line to 'None'
[0.318s] Level 5:colcon.colcon_core.verb:set package 'service' build argument 'cmake_target_skip_unavailable' from command line to 'False'
[0.318s] Level 5:colcon.colcon_core.verb:set package 'service' build argument 'cmake_clean_cache' from command line to 'False'
[0.318s] Level 5:colcon.colcon_core.verb:set package 'service' build argument 'cmake_clean_first' from command line to 'False'
[0.318s] Level 5:colcon.colcon_core.verb:set package 'service' build argument 'cmake_force_configure' from command line to 'False'
[0.318s] Level 5:colcon.colcon_core.verb:set package 'service' build argument 'ament_cmake_args' from command line to 'None'
[0.318s] Level 5:colcon.colcon_core.verb:set package 'service' build argument 'catkin_cmake_args' from command line to 'None'
[0.318s] Level 5:colcon.colcon_core.verb:set package 'service' build argument 'catkin_skip_building_tests' from command line to 'False'
[0.318s] DEBUG:colcon.colcon_core.verb:Building package 'service' with the following arguments: {'ament_cmake_args': None, 'build_base': '/home/lunog/ros2_ws/build/service', 'catkin_cmake_args': None, 'catkin_skip_building_tests': False, 'cmake_args': None, 'cmake_clean_cache': False, 'cmake_clean_first': False, 'cmake_force_configure': False, 'cmake_target': None, 'cmake_target_skip_unavailable': False, 'install_base': '/home/lunog/ros2_ws/install/service', 'merge_install': False, 'path': '/home/lunog/ros2_ws/src/service', 'symlink_install': False, 'test_result_base': None}
[0.319s] INFO:colcon.colcon_core.executor:Executing jobs using 'parallel' executor
[0.320s] DEBUG:colcon.colcon_parallel_executor.executor.parallel:run_until_complete
[0.320s] INFO:colcon.colcon_ros.task.ament_python.build:Building ROS package in '/home/lunog/ros2_ws/src/my_py_pkg' with build type 'ament_python'
[0.320s] Level 1:colcon.colcon_core.shell:create_environment_hook('my_py_pkg', 'ament_prefix_path')
[0.322s] INFO:colcon.colcon_core.plugin_system:Skipping extension 'colcon_core.shell.bat': Not used on non-Windows systems
[0.322s] INFO:colcon.colcon_core.shell:Creating environment hook '/home/lunog/ros2_ws/install/my_py_pkg/share/my_py_pkg/hook/ament_prefix_path.ps1'
[0.322s] INFO:colcon.colcon_core.shell:Creating environment descriptor '/home/lunog/ros2_ws/install/my_py_pkg/share/my_py_pkg/hook/ament_prefix_path.dsv'
[0.323s] INFO:colcon.colcon_core.shell:Creating environment hook '/home/lunog/ros2_ws/install/my_py_pkg/share/my_py_pkg/hook/ament_prefix_path.sh'
[0.323s] INFO:colcon.colcon_core.shell:Skip shell extension 'powershell' for command environment: Not usable outside of PowerShell
[0.323s] DEBUG:colcon.colcon_core.shell:Skip shell extension 'dsv' for command environment
[0.326s] INFO:colcon.colcon_ros.task.ament_python.build:Building ROS package in '/home/lunog/ros2_ws/src/my_ros2_practice' with build type 'ament_python'
[0.326s] Level 1:colcon.colcon_core.shell:create_environment_hook('my_ros2_practice', 'ament_prefix_path')
[0.326s] INFO:colcon.colcon_core.shell:Creating environment hook '/home/lunog/ros2_ws/install/my_ros2_practice/share/my_ros2_practice/hook/ament_prefix_path.ps1'
[0.326s] INFO:colcon.colcon_core.shell:Creating environment descriptor '/home/lunog/ros2_ws/install/my_ros2_practice/share/my_ros2_practice/hook/ament_prefix_path.dsv'
[0.327s] INFO:colcon.colcon_core.shell:Creating environment hook '/home/lunog/ros2_ws/install/my_ros2_practice/share/my_ros2_practice/hook/ament_prefix_path.sh'
[0.327s] INFO:colcon.colcon_core.shell:Skip shell extension 'powershell' for command environment: Not usable outside of PowerShell
[0.327s] DEBUG:colcon.colcon_core.shell:Skip shell extension 'dsv' for command environment
[0.329s] INFO:colcon.colcon_ros.task.ament_python.build:Building ROS package in '/home/lunog/ros2_ws/src/service' with build type 'ament_python'
[0.330s] Level 1:colcon.colcon_core.shell:create_environment_hook('service', 'ament_prefix_path')
[0.330s] INFO:colcon.colcon_core.shell:Creating environment hook '/home/lunog/ros2_ws/install/service/share/service/hook/ament_prefix_path.ps1'
[0.330s] INFO:colcon.colcon_core.shell:Creating environment descriptor '/home/lunog/ros2_ws/install/service/share/service/hook/ament_prefix_path.dsv'
[0.330s] INFO:colcon.colcon_core.shell:Creating environment hook '/home/lunog/ros2_ws/install/service/share/service/hook/ament_prefix_path.sh'
[0.331s] INFO:colcon.colcon_core.shell:Skip shell extension 'powershell' for command environment: Not usable outside of PowerShell
[0.331s] DEBUG:colcon.colcon_core.shell:Skip shell extension 'dsv' for command environment
[0.567s] INFO:colcon.colcon_core.task.python.build:Building Python package in '/home/lunog/ros2_ws/src/my_py_pkg'
[0.568s] INFO:colcon.colcon_core.shell:Skip shell extension 'powershell' for command environment: Not usable outside of PowerShell
[0.568s] DEBUG:colcon.colcon_core.shell:Skip shell extension 'dsv' for command environment
[0.797s] INFO:colcon.colcon_core.task.python.build:Building Python package in '/home/lunog/ros2_ws/src/my_ros2_practice'
[0.797s] INFO:colcon.colcon_core.shell:Skip shell extension 'powershell' for command environment: Not usable outside of PowerShell
[0.797s] DEBUG:colcon.colcon_core.shell:Skip shell extension 'dsv' for command environment
[1.026s] INFO:colcon.colcon_core.task.python.build:Building Python package in '/home/lunog/ros2_ws/src/service'
[1.026s] INFO:colcon.colcon_core.shell:Skip shell extension 'powershell' for command environment: Not usable outside of PowerShell
[1.027s] DEBUG:colcon.colcon_core.shell:Skip shell extension 'dsv' for command environment
[1.380s] DEBUG:colcon.colcon_core.event_handler.log_command:Invoking command in '/home/lunog/ros2_ws/src/my_py_pkg': PYTHONPATH=/home/lunog/ros2_ws/build/my_py_pkg/prefix_override:/usr/lib/python3/dist-packages/colcon_core/task/python/colcon_distutils_commands:/home/lunog/ros2_ws/install/my_py_pkg/lib/python3.10/site-packages:${PYTHONPATH} /usr/bin/python3 -W ignore:setup.py install is deprecated -W ignore:easy_install command is deprecated setup.py egg_info --egg-base ../../build/my_py_pkg build --build-base /home/lunog/ros2_ws/build/my_py_pkg/build install --record /home/lunog/ros2_ws/build/my_py_pkg/install.log --single-version-externally-managed install_data
[1.395s] DEBUG:colcon.colcon_core.event_handler.log_command:Invoking command in '/home/lunog/ros2_ws/src/service': PYTHONPATH=/home/lunog/ros2_ws/build/service/prefix_override:/usr/lib/python3/dist-packages/colcon_core/task/python/colcon_distutils_commands:/home/lunog/ros2_ws/install/service/lib/python3.10/site-packages:${PYTHONPATH} /usr/bin/python3 -W ignore:setup.py install is deprecated -W ignore:easy_install command is deprecated setup.py egg_info --egg-base ../../build/service build --build-base /home/lunog/ros2_ws/build/service/build install --record /home/lunog/ros2_ws/build/service/install.log --single-version-externally-managed install_data
[1.397s] DEBUG:colcon.colcon_core.event_handler.log_command:Invoking command in '/home/lunog/ros2_ws/src/my_ros2_practice': PYTHONPATH=/home/lunog/ros2_ws/build/my_ros2_practice/prefix_override:/usr/lib/python3/dist-packages/colcon_core/task/python/colcon_distutils_commands:/home/lunog/ros2_ws/install/my_ros2_practice/lib/python3.10/site-packages:${PYTHONPATH} /usr/bin/python3 -W ignore:setup.py install is deprecated -W ignore:easy_install command is deprecated setup.py egg_info --egg-base ../../build/my_ros2_practice build --build-base /home/lunog/ros2_ws/build/my_ros2_practice/build install --record /home/lunog/ros2_ws/build/my_ros2_practice/install.log --single-version-externally-managed install_data
[1.701s] DEBUG:colcon.colcon_core.event_handler.log_command:Invoked command in '/home/lunog/ros2_ws/src/my_py_pkg' returned '0': PYTHONPATH=/home/lunog/ros2_ws/build/my_py_pkg/prefix_override:/usr/lib/python3/dist-packages/colcon_core/task/python/colcon_distutils_commands:/home/lunog/ros2_ws/install/my_py_pkg/lib/python3.10/site-packages:${PYTHONPATH} /usr/bin/python3 -W ignore:setup.py install is deprecated -W ignore:easy_install command is deprecated setup.py egg_info --egg-base ../../build/my_py_pkg build --build-base /home/lunog/ros2_ws/build/my_py_pkg/build install --record /home/lunog/ros2_ws/build/my_py_pkg/install.log --single-version-externally-managed install_data
[1.703s] Level 1:colcon.colcon_core.environment:checking '/home/lunog/ros2_ws/install/my_py_pkg' for CMake module files
[1.703s] Level 1:colcon.colcon_core.environment:checking '/home/lunog/ros2_ws/install/my_py_pkg' for CMake config files
[1.704s] Level 1:colcon.colcon_core.environment:checking '/home/lunog/ros2_ws/install/my_py_pkg/lib'
[1.704s] Level 1:colcon.colcon_core.environment:checking '/home/lunog/ros2_ws/install/my_py_pkg/bin'
[1.704s] Level 1:colcon.colcon_core.environment:checking '/home/lunog/ros2_ws/install/my_py_pkg/lib/pkgconfig/my_py_pkg.pc'
[1.705s] Level 1:colcon.colcon_core.environment:checking '/home/lunog/ros2_ws/install/my_py_pkg/lib/python3.10/site-packages'
[1.705s] Level 1:colcon.colcon_core.shell:create_environment_hook('my_py_pkg', 'pythonpath')
[1.705s] INFO:colcon.colcon_core.shell:Creating environment hook '/home/lunog/ros2_ws/install/my_py_pkg/share/my_py_pkg/hook/pythonpath.ps1'
[1.705s] INFO:colcon.colcon_core.shell:Creating environment descriptor '/home/lunog/ros2_ws/install/my_py_pkg/share/my_py_pkg/hook/pythonpath.dsv'
[1.706s] INFO:colcon.colcon_core.shell:Creating environment hook '/home/lunog/ros2_ws/install/my_py_pkg/share/my_py_pkg/hook/pythonpath.sh'
[1.706s] Level 1:colcon.colcon_core.environment:checking '/home/lunog/ros2_ws/install/my_py_pkg/bin'
[1.706s] Level 1:colcon.colcon_core.environment:create_environment_scripts_only(my_py_pkg)
[1.706s] INFO:colcon.colcon_core.shell:Creating package script '/home/lunog/ros2_ws/install/my_py_pkg/share/my_py_pkg/package.ps1'
[1.707s] INFO:colcon.colcon_core.shell:Creating package descriptor '/home/lunog/ros2_ws/install/my_py_pkg/share/my_py_pkg/package.dsv'
[1.707s] INFO:colcon.colcon_core.shell:Creating package script '/home/lunog/ros2_ws/install/my_py_pkg/share/my_py_pkg/package.sh'
[1.708s] INFO:colcon.colcon_core.shell:Creating package script '/home/lunog/ros2_ws/install/my_py_pkg/share/my_py_pkg/package.bash'
[1.709s] INFO:colcon.colcon_core.shell:Creating package script '/home/lunog/ros2_ws/install/my_py_pkg/share/my_py_pkg/package.zsh'
[1.709s] Level 1:colcon.colcon_core.environment:create_file_with_runtime_dependencies(/home/lunog/ros2_ws/install/my_py_pkg/share/colcon-core/packages/my_py_pkg)
[1.710s] Level 1:colcon.colcon_core.environment:checking '/home/lunog/ros2_ws/install/service' for CMake module files
[1.711s] DEBUG:colcon.colcon_core.event_handler.log_command:Invoked command in '/home/lunog/ros2_ws/src/service' returned '0': PYTHONPATH=/home/lunog/ros2_ws/build/service/prefix_override:/usr/lib/python3/dist-packages/colcon_core/task/python/colcon_distutils_commands:/home/lunog/ros2_ws/install/service/lib/python3.10/site-packages:${PYTHONPATH} /usr/bin/python3 -W ignore:setup.py install is deprecated -W ignore:easy_install command is deprecated setup.py egg_info --egg-base ../../build/service build --build-base /home/lunog/ros2_ws/build/service/build install --record /home/lunog/ros2_ws/build/service/install.log --single-version-externally-managed install_data
[1.711s] Level 1:colcon.colcon_core.environment:checking '/home/lunog/ros2_ws/install/service' for CMake config files
[1.711s] Level 1:colcon.colcon_core.environment:checking '/home/lunog/ros2_ws/install/service/lib'
[1.711s] Level 1:colcon.colcon_core.environment:checking '/home/lunog/ros2_ws/install/service/bin'
[1.711s] Level 1:colcon.colcon_core.environment:checking '/home/lunog/ros2_ws/install/service/lib/pkgconfig/service.pc'
[1.712s] Level 1:colcon.colcon_core.environment:checking '/home/lunog/ros2_ws/install/service/lib/python3.10/site-packages'
[1.712s] Level 1:colcon.colcon_core.shell:create_environment_hook('service', 'pythonpath')
[1.712s] INFO:colcon.colcon_core.shell:Creating environment hook '/home/lunog/ros2_ws/install/service/share/service/hook/pythonpath.ps1'
[1.712s] INFO:colcon.colcon_core.shell:Creating environment descriptor '/home/lunog/ros2_ws/install/service/share/service/hook/pythonpath.dsv'
[1.712s] INFO:colcon.colcon_core.shell:Creating environment hook '/home/lunog/ros2_ws/install/service/share/service/hook/pythonpath.sh'
[1.713s] Level 1:colcon.colcon_core.environment:checking '/home/lunog/ros2_ws/install/service/bin'
[1.713s] Level 1:colcon.colcon_core.environment:create_environment_scripts_only(service)
[1.713s] INFO:colcon.colcon_core.shell:Creating package script '/home/lunog/ros2_ws/install/service/share/service/package.ps1'
[1.713s] INFO:colcon.colcon_core.shell:Creating package descriptor '/home/lunog/ros2_ws/install/service/share/service/package.dsv'
[1.714s] INFO:colcon.colcon_core.shell:Creating package script '/home/lunog/ros2_ws/install/service/share/service/package.sh'
[1.714s] INFO:colcon.colcon_core.shell:Creating package script '/home/lunog/ros2_ws/install/service/share/service/package.bash'
[1.714s] INFO:colcon.colcon_core.shell:Creating package script '/home/lunog/ros2_ws/install/service/share/service/package.zsh'
[1.714s] Level 1:colcon.colcon_core.environment:create_file_with_runtime_dependencies(/home/lunog/ros2_ws/install/service/share/colcon-core/packages/service)
[1.715s] Level 1:colcon.colcon_core.environment:checking '/home/lunog/ros2_ws/install/my_ros2_practice' for CMake module files
[1.715s] DEBUG:colcon.colcon_core.event_handler.log_command:Invoked command in '/home/lunog/ros2_ws/src/my_ros2_practice' returned '0': PYTHONPATH=/home/lunog/ros2_ws/build/my_ros2_practice/prefix_override:/usr/lib/python3/dist-packages/colcon_core/task/python/colcon_distutils_commands:/home/lunog/ros2_ws/install/my_ros2_practice/lib/python3.10/site-packages:${PYTHONPATH} /usr/bin/python3 -W ignore:setup.py install is deprecated -W ignore:easy_install command is deprecated setup.py egg_info --egg-base ../../build/my_ros2_practice build --build-base /home/lunog/ros2_ws/build/my_ros2_practice/build install --record /home/lunog/ros2_ws/build/my_ros2_practice/install.log --single-version-externally-managed install_data
[1.716s] Level 1:colcon.colcon_core.environment:checking '/home/lunog/ros2_ws/install/my_ros2_practice' for CMake config files
[1.716s] Level 1:colcon.colcon_core.environment:checking '/home/lunog/ros2_ws/install/my_ros2_practice/lib'
[1.716s] Level 1:colcon.colcon_core.environment:checking '/home/lunog/ros2_ws/install/my_ros2_practice/bin'
[1.716s] Level 1:colcon.colcon_core.environment:checking '/home/lunog/ros2_ws/install/my_ros2_practice/lib/pkgconfig/my_ros2_practice.pc'
[1.716s] Level 1:colcon.colcon_core.environment:checking '/home/lunog/ros2_ws/install/my_ros2_practice/lib/python3.10/site-packages'
[1.716s] Level 1:colcon.colcon_core.shell:create_environment_hook('my_ros2_practice', 'pythonpath')
[1.716s] INFO:colcon.colcon_core.shell:Creating environment hook '/home/lunog/ros2_ws/install/my_ros2_practice/share/my_ros2_practice/hook/pythonpath.ps1'
[1.717s] INFO:colcon.colcon_core.shell:Creating environment descriptor '/home/lunog/ros2_ws/install/my_ros2_practice/share/my_ros2_practice/hook/pythonpath.dsv'
[1.717s] INFO:colcon.colcon_core.shell:Creating environment hook '/home/lunog/ros2_ws/install/my_ros2_practice/share/my_ros2_practice/hook/pythonpath.sh'
[1.717s] Level 1:colcon.colcon_core.environment:checking '/home/lunog/ros2_ws/install/my_ros2_practice/bin'
[1.717s] Level 1:colcon.colcon_core.environment:create_environment_scripts_only(my_ros2_practice)
[1.718s] INFO:colcon.colcon_core.shell:Creating package script '/home/lunog/ros2_ws/install/my_ros2_practice/share/my_ros2_practice/package.ps1'
[1.718s] INFO:colcon.colcon_core.shell:Creating package descriptor '/home/lunog/ros2_ws/install/my_ros2_practice/share/my_ros2_practice/package.dsv'
[1.718s] INFO:colcon.colcon_core.shell:Creating package script '/home/lunog/ros2_ws/install/my_ros2_practice/share/my_ros2_practice/package.sh'
[1.719s] INFO:colcon.colcon_core.shell:Creating package script '/home/lunog/ros2_ws/install/my_ros2_practice/share/my_ros2_practice/package.bash'
[1.719s] INFO:colcon.colcon_core.shell:Creating package script '/home/lunog/ros2_ws/install/my_ros2_practice/share/my_ros2_practice/package.zsh'
[1.719s] Level 1:colcon.colcon_core.environment:create_file_with_runtime_dependencies(/home/lunog/ros2_ws/install/my_ros2_practice/share/colcon-core/packages/my_ros2_practice)
[1.720s] DEBUG:colcon.colcon_parallel_executor.executor.parallel:closing loop
[1.720s] DEBUG:colcon.colcon_parallel_executor.executor.parallel:loop closed
[1.720s] DEBUG:colcon.colcon_parallel_executor.executor.parallel:run_until_complete finished with '0'
[1.720s] DEBUG:colcon.colcon_core.event_reactor:joining thread
[1.724s] INFO:colcon.colcon_core.plugin_system:Skipping extension 'colcon_notification.desktop_notification.terminal_notifier': Not used on non-Darwin systems
[1.724s] INFO:colcon.colcon_core.plugin_system:Skipping extension 'colcon_notification.desktop_notification.win32': Not used on non-Windows systems
[1.724s] INFO:colcon.colcon_notification.desktop_notification:Sending desktop notification using 'notify2'
[1.733s] DEBUG:colcon.colcon_core.event_reactor:joined thread
[1.734s] INFO:colcon.colcon_core.shell:Creating prefix script '/home/lunog/ros2_ws/install/local_setup.ps1'
[1.735s] INFO:colcon.colcon_core.shell:Creating prefix util module '/home/lunog/ros2_ws/install/_local_setup_util_ps1.py'
[1.736s] INFO:colcon.colcon_core.shell:Creating prefix chain script '/home/lunog/ros2_ws/install/setup.ps1'
[1.737s] INFO:colcon.colcon_core.shell:Creating prefix script '/home/lunog/ros2_ws/install/local_setup.sh'
[1.738s] INFO:colcon.colcon_core.shell:Creating prefix util module '/home/lunog/ros2_ws/install/_local_setup_util_sh.py'
[1.738s] INFO:colcon.colcon_core.shell:Creating prefix chain script '/home/lunog/ros2_ws/install/setup.sh'
[1.739s] INFO:colcon.colcon_core.shell:Creating prefix script '/home/lunog/ros2_ws/install/local_setup.bash'
[1.739s] INFO:colcon.colcon_core.shell:Creating prefix chain script '/home/lunog/ros2_ws/install/setup.bash'
[1.740s] INFO:colcon.colcon_core.shell:Creating prefix script '/home/lunog/ros2_ws/install/local_setup.zsh'
[1.741s] INFO:colcon.colcon_core.shell:Creating prefix chain script '/home/lunog/ros2_ws/install/setup.zsh'
