running egg_info
creating ../../build/my_param/my_param.egg-info
writing ../../build/my_param/my_param.egg-info/PKG-INFO
writing dependency_links to ../../build/my_param/my_param.egg-info/dependency_links.txt
writing entry points to ../../build/my_param/my_param.egg-info/entry_points.txt
writing requirements to ../../build/my_param/my_param.egg-info/requires.txt
writing top-level names to ../../build/my_param/my_param.egg-info/top_level.txt
writing manifest file '../../build/my_param/my_param.egg-info/SOURCES.txt'
reading manifest file '../../build/my_param/my_param.egg-info/SOURCES.txt'
adding license file 'LICENSE'
writing manifest file '../../build/my_param/my_param.egg-info/SOURCES.txt'
running build
running build_py
creating /home/lunog/ros2_ws/build/my_param/build
creating /home/lunog/ros2_ws/build/my_param/build/lib
creating /home/lunog/ros2_ws/build/my_param/build/lib/my_param
copying my_param/my_param_node.py -> /home/lunog/ros2_ws/build/my_param/build/lib/my_param
copying my_param/__init__.py -> /home/lunog/ros2_ws/build/my_param/build/lib/my_param
running install
running install_lib
creating /home/lunog/ros2_ws/install/my_param/lib/python3.10/site-packages/my_param
copying /home/lunog/ros2_ws/build/my_param/build/lib/my_param/my_param_node.py -> /home/lunog/ros2_ws/install/my_param/lib/python3.10/site-packages/my_param
copying /home/lunog/ros2_ws/build/my_param/build/lib/my_param/__init__.py -> /home/lunog/ros2_ws/install/my_param/lib/python3.10/site-packages/my_param
byte-compiling /home/lunog/ros2_ws/install/my_param/lib/python3.10/site-packages/my_param/my_param_node.py to my_param_node.cpython-310.pyc
byte-compiling /home/lunog/ros2_ws/install/my_param/lib/python3.10/site-packages/my_param/__init__.py to __init__.cpython-310.pyc
running install_data
creating /home/lunog/ros2_ws/install/my_param/share/ament_index
creating /home/lunog/ros2_ws/install/my_param/share/ament_index/resource_index
creating /home/lunog/ros2_ws/install/my_param/share/ament_index/resource_index/packages
copying resource/my_param -> /home/lunog/ros2_ws/install/my_param/share/ament_index/resource_index/packages
copying package.xml -> /home/lunog/ros2_ws/install/my_param/share/my_param
running install_egg_info
Copying ../../build/my_param/my_param.egg-info to /home/lunog/ros2_ws/install/my_param/lib/python3.10/site-packages/my_param-0.0.0-py3.10.egg-info
running install_scripts
Installing my_param_node script to /home/lunog/ros2_ws/install/my_param/lib/my_param
writing list of installed files to '/home/lunog/ros2_ws/build/my_param/install.log'
