running egg_info
creating ../../build/my_ros2_practice/my_ros2_practice.egg-info
writing ../../build/my_ros2_practice/my_ros2_practice.egg-info/PKG-INFO
writing dependency_links to ../../build/my_ros2_practice/my_ros2_practice.egg-info/dependency_links.txt
writing entry points to ../../build/my_ros2_practice/my_ros2_practice.egg-info/entry_points.txt
writing requirements to ../../build/my_ros2_practice/my_ros2_practice.egg-info/requires.txt
writing top-level names to ../../build/my_ros2_practice/my_ros2_practice.egg-info/top_level.txt
writing manifest file '../../build/my_ros2_practice/my_ros2_practice.egg-info/SOURCES.txt'
reading manifest file '../../build/my_ros2_practice/my_ros2_practice.egg-info/SOURCES.txt'
writing manifest file '../../build/my_ros2_practice/my_ros2_practice.egg-info/SOURCES.txt'
running build
running build_py
creating /home/lunog/ros2_ws/build/my_ros2_practice/build
creating /home/lunog/ros2_ws/build/my_ros2_practice/build/lib
creating /home/lunog/ros2_ws/build/my_ros2_practice/build/lib/my_ros2_practice
copying my_ros2_practice/random_subscribers.py -> /home/lunog/ros2_ws/build/my_ros2_practice/build/lib/my_ros2_practice
copying my_ros2_practice/random_publishers.py -> /home/lunog/ros2_ws/build/my_ros2_practice/build/lib/my_ros2_practice
copying my_ros2_practice/__init__.py -> /home/lunog/ros2_ws/build/my_ros2_practice/build/lib/my_ros2_practice
running install
running install_lib
creating /home/lunog/ros2_ws/install/my_ros2_practice/lib/python3.10/site-packages/my_ros2_practice
copying /home/lunog/ros2_ws/build/my_ros2_practice/build/lib/my_ros2_practice/random_subscribers.py -> /home/lunog/ros2_ws/install/my_ros2_practice/lib/python3.10/site-packages/my_ros2_practice
copying /home/lunog/ros2_ws/build/my_ros2_practice/build/lib/my_ros2_practice/random_publishers.py -> /home/lunog/ros2_ws/install/my_ros2_practice/lib/python3.10/site-packages/my_ros2_practice
copying /home/lunog/ros2_ws/build/my_ros2_practice/build/lib/my_ros2_practice/__init__.py -> /home/lunog/ros2_ws/install/my_ros2_practice/lib/python3.10/site-packages/my_ros2_practice
byte-compiling /home/lunog/ros2_ws/install/my_ros2_practice/lib/python3.10/site-packages/my_ros2_practice/random_subscribers.py to random_subscribers.cpython-310.pyc
byte-compiling /home/lunog/ros2_ws/install/my_ros2_practice/lib/python3.10/site-packages/my_ros2_practice/random_publishers.py to random_publishers.cpython-310.pyc
byte-compiling /home/lunog/ros2_ws/install/my_ros2_practice/lib/python3.10/site-packages/my_ros2_practice/__init__.py to __init__.cpython-310.pyc
running install_data
creating /home/lunog/ros2_ws/install/my_ros2_practice/share/ament_index
creating /home/lunog/ros2_ws/install/my_ros2_practice/share/ament_index/resource_index
creating /home/lunog/ros2_ws/install/my_ros2_practice/share/ament_index/resource_index/packages
copying resource/my_ros2_practice -> /home/lunog/ros2_ws/install/my_ros2_practice/share/ament_index/resource_index/packages
copying package.xml -> /home/lunog/ros2_ws/install/my_ros2_practice/share/my_ros2_practice
running install_egg_info
Copying ../../build/my_ros2_practice/my_ros2_practice.egg-info to /home/lunog/ros2_ws/install/my_ros2_practice/lib/python3.10/site-packages/my_ros2_practice-0.0.0-py3.10.egg-info
running install_scripts
Installing publisher script to /home/lunog/ros2_ws/install/my_ros2_practice/lib/my_ros2_practice
Installing subscriber script to /home/lunog/ros2_ws/install/my_ros2_practice/lib/my_ros2_practice
writing list of installed files to '/home/lunog/ros2_ws/build/my_ros2_practice/install.log'
