[1.336s] Invoking command in '/home/lunog/ros2_ws/src/my_ros2_practice': PYTHONPATH=/home/lunog/ros2_ws/build/my_ros2_practice/prefix_override:/usr/lib/python3/dist-packages/colcon_core/task/python/colcon_distutils_commands:/home/lunog/ros2_ws/install/my_ros2_practice/lib/python3.10/site-packages:${PYTHONPATH} /usr/bin/python3 -W ignore:setup.py install is deprecated -W ignore:easy_install command is deprecated setup.py egg_info --egg-base ../../build/my_ros2_practice build --build-base /home/lunog/ros2_ws/build/my_ros2_practice/build install --record /home/lunog/ros2_ws/build/my_ros2_practice/install.log --single-version-externally-managed install_data
[1.565s] running egg_info
[1.565s] creating ../../build/my_ros2_practice/my_ros2_practice.egg-info
[1.565s] writing ../../build/my_ros2_practice/my_ros2_practice.egg-info/PKG-INFO
[1.566s] writing dependency_links to ../../build/my_ros2_practice/my_ros2_practice.egg-info/dependency_links.txt
[1.566s] writing entry points to ../../build/my_ros2_practice/my_ros2_practice.egg-info/entry_points.txt
[1.566s] writing requirements to ../../build/my_ros2_practice/my_ros2_practice.egg-info/requires.txt
[1.566s] writing top-level names to ../../build/my_ros2_practice/my_ros2_practice.egg-info/top_level.txt
[1.567s] writing manifest file '../../build/my_ros2_practice/my_ros2_practice.egg-info/SOURCES.txt'
[1.569s] reading manifest file '../../build/my_ros2_practice/my_ros2_practice.egg-info/SOURCES.txt'
[1.569s] writing manifest file '../../build/my_ros2_practice/my_ros2_practice.egg-info/SOURCES.txt'
[1.569s] running build
[1.569s] running build_py
[1.570s] creating /home/lunog/ros2_ws/build/my_ros2_practice/build
[1.570s] creating /home/lunog/ros2_ws/build/my_ros2_practice/build/lib
[1.570s] creating /home/lunog/ros2_ws/build/my_ros2_practice/build/lib/my_ros2_practice
[1.570s] copying my_ros2_practice/random_subscribers.py -> /home/lunog/ros2_ws/build/my_ros2_practice/build/lib/my_ros2_practice
[1.570s] copying my_ros2_practice/random_publishers.py -> /home/lunog/ros2_ws/build/my_ros2_practice/build/lib/my_ros2_practice
[1.570s] copying my_ros2_practice/__init__.py -> /home/lunog/ros2_ws/build/my_ros2_practice/build/lib/my_ros2_practice
[1.570s] running install
[1.570s] running install_lib
[1.571s] creating /home/lunog/ros2_ws/install/my_ros2_practice/lib/python3.10/site-packages/my_ros2_practice
[1.571s] copying /home/lunog/ros2_ws/build/my_ros2_practice/build/lib/my_ros2_practice/random_subscribers.py -> /home/lunog/ros2_ws/install/my_ros2_practice/lib/python3.10/site-packages/my_ros2_practice
[1.571s] copying /home/lunog/ros2_ws/build/my_ros2_practice/build/lib/my_ros2_practice/random_publishers.py -> /home/lunog/ros2_ws/install/my_ros2_practice/lib/python3.10/site-packages/my_ros2_practice
[1.571s] copying /home/lunog/ros2_ws/build/my_ros2_practice/build/lib/my_ros2_practice/__init__.py -> /home/lunog/ros2_ws/install/my_ros2_practice/lib/python3.10/site-packages/my_ros2_practice
[1.571s] byte-compiling /home/lunog/ros2_ws/install/my_ros2_practice/lib/python3.10/site-packages/my_ros2_practice/random_subscribers.py to random_subscribers.cpython-310.pyc
[1.572s] byte-compiling /home/lunog/ros2_ws/install/my_ros2_practice/lib/python3.10/site-packages/my_ros2_practice/random_publishers.py to random_publishers.cpython-310.pyc
[1.572s] byte-compiling /home/lunog/ros2_ws/install/my_ros2_practice/lib/python3.10/site-packages/my_ros2_practice/__init__.py to __init__.cpython-310.pyc
[1.572s] running install_data
[1.572s] creating /home/lunog/ros2_ws/install/my_ros2_practice/share/ament_index
[1.573s] creating /home/lunog/ros2_ws/install/my_ros2_practice/share/ament_index/resource_index
[1.573s] creating /home/lunog/ros2_ws/install/my_ros2_practice/share/ament_index/resource_index/packages
[1.573s] copying resource/my_ros2_practice -> /home/lunog/ros2_ws/install/my_ros2_practice/share/ament_index/resource_index/packages
[1.573s] copying package.xml -> /home/lunog/ros2_ws/install/my_ros2_practice/share/my_ros2_practice
[1.573s] running install_egg_info
[1.574s] Copying ../../build/my_ros2_practice/my_ros2_practice.egg-info to /home/lunog/ros2_ws/install/my_ros2_practice/lib/python3.10/site-packages/my_ros2_practice-0.0.0-py3.10.egg-info
[1.575s] running install_scripts
[1.596s] Installing publisher script to /home/lunog/ros2_ws/install/my_ros2_practice/lib/my_ros2_practice
[1.596s] Installing subscriber script to /home/lunog/ros2_ws/install/my_ros2_practice/lib/my_ros2_practice
[1.597s] writing list of installed files to '/home/lunog/ros2_ws/build/my_ros2_practice/install.log'
[1.635s] Invoked command in '/home/lunog/ros2_ws/src/my_ros2_practice' returned '0': PYTHONPATH=/home/lunog/ros2_ws/build/my_ros2_practice/prefix_override:/usr/lib/python3/dist-packages/colcon_core/task/python/colcon_distutils_commands:/home/lunog/ros2_ws/install/my_ros2_practice/lib/python3.10/site-packages:${PYTHONPATH} /usr/bin/python3 -W ignore:setup.py install is deprecated -W ignore:easy_install command is deprecated setup.py egg_info --egg-base ../../build/my_ros2_practice build --build-base /home/lunog/ros2_ws/build/my_ros2_practice/build install --record /home/lunog/ros2_ws/build/my_ros2_practice/install.log --single-version-externally-managed install_data
