[1.351s] Invoking command in '/home/lunog/ros2_ws/src/service': PYTHONPATH=/home/lunog/ros2_ws/build/service/prefix_override:/usr/lib/python3/dist-packages/colcon_core/task/python/colcon_distutils_commands:/home/lunog/ros2_ws/install/service/lib/python3.10/site-packages:${PYTHONPATH} /usr/bin/python3 -W ignore:setup.py install is deprecated -W ignore:easy_install command is deprecated setup.py egg_info --egg-base ../../build/service build --build-base /home/lunog/ros2_ws/build/service/build install --record /home/lunog/ros2_ws/build/service/install.log --single-version-externally-managed install_data
[1.588s] running egg_info
[1.589s] creating ../../build/service/service.egg-info
[1.589s] writing ../../build/service/service.egg-info/PKG-INFO
[1.590s] writing dependency_links to ../../build/service/service.egg-info/dependency_links.txt
[1.590s] writing entry points to ../../build/service/service.egg-info/entry_points.txt
[1.591s] writing requirements to ../../build/service/service.egg-info/requires.txt
[1.591s] writing top-level names to ../../build/service/service.egg-info/top_level.txt
[1.593s] writing manifest file '../../build/service/service.egg-info/SOURCES.txt'
[1.593s] reading manifest file '../../build/service/service.egg-info/SOURCES.txt'
[1.594s] writing manifest file '../../build/service/service.egg-info/SOURCES.txt'
[1.594s] running build
[1.594s] running build_py
[1.594s] creating /home/lunog/ros2_ws/build/service/build
[1.594s] creating /home/lunog/ros2_ws/build/service/build/lib
[1.594s] creating /home/lunog/ros2_ws/build/service/build/lib/service
[1.594s] copying service/server.py -> /home/lunog/ros2_ws/build/service/build/lib/service
[1.595s] copying service/__init__.py -> /home/lunog/ros2_ws/build/service/build/lib/service
[1.595s] copying service/client.py -> /home/lunog/ros2_ws/build/service/build/lib/service
[1.595s] running install
[1.595s] running install_lib
[1.596s] creating /home/lunog/ros2_ws/install/service/lib/python3.10/site-packages/service
[1.596s] copying /home/lunog/ros2_ws/build/service/build/lib/service/server.py -> /home/lunog/ros2_ws/install/service/lib/python3.10/site-packages/service
[1.596s] copying /home/lunog/ros2_ws/build/service/build/lib/service/__init__.py -> /home/lunog/ros2_ws/install/service/lib/python3.10/site-packages/service
[1.596s] copying /home/lunog/ros2_ws/build/service/build/lib/service/client.py -> /home/lunog/ros2_ws/install/service/lib/python3.10/site-packages/service
[1.597s] byte-compiling /home/lunog/ros2_ws/install/service/lib/python3.10/site-packages/service/server.py to server.cpython-310.pyc
[1.597s] byte-compiling /home/lunog/ros2_ws/install/service/lib/python3.10/site-packages/service/__init__.py to __init__.cpython-310.pyc
[1.597s] byte-compiling /home/lunog/ros2_ws/install/service/lib/python3.10/site-packages/service/client.py to client.cpython-310.pyc
[1.597s] running install_data
[1.598s] creating /home/lunog/ros2_ws/install/service/share/ament_index
[1.598s] creating /home/lunog/ros2_ws/install/service/share/ament_index/resource_index
[1.598s] creating /home/lunog/ros2_ws/install/service/share/ament_index/resource_index/packages
[1.598s] copying resource/service -> /home/lunog/ros2_ws/install/service/share/ament_index/resource_index/packages
[1.598s] copying package.xml -> /home/lunog/ros2_ws/install/service/share/service
[1.598s] running install_egg_info
[1.600s] Copying ../../build/service/service.egg-info to /home/lunog/ros2_ws/install/service/lib/python3.10/site-packages/service-0.0.0-py3.10.egg-info
[1.600s] running install_scripts
[1.623s] Installing client script to /home/lunog/ros2_ws/install/service/lib/service
[1.624s] Installing server script to /home/lunog/ros2_ws/install/service/lib/service
[1.624s] writing list of installed files to '/home/lunog/ros2_ws/build/service/install.log'
[1.682s] Invoked command in '/home/lunog/ros2_ws/src/service' returned '0': PYTHONPATH=/home/lunog/ros2_ws/build/service/prefix_override:/usr/lib/python3/dist-packages/colcon_core/task/python/colcon_distutils_commands:/home/lunog/ros2_ws/install/service/lib/python3.10/site-packages:${PYTHONPATH} /usr/bin/python3 -W ignore:setup.py install is deprecated -W ignore:easy_install command is deprecated setup.py egg_info --egg-base ../../build/service build --build-base /home/lunog/ros2_ws/build/service/build install --record /home/lunog/ros2_ws/build/service/install.log --single-version-externally-managed install_data
